[0.029s] Invoking command in '/home/vboxuser/Documents/Ros2Workspaces/ros2_ws_Tutorial2-1/build/turtlesim': /usr/bin/cmake /home/vboxuser/Documents/Ros2Workspaces/ros2_ws_Tutorial2-1/src/ros_tutorials/turtlesim -DCMAKE_INSTALL_PREFIX=/home/vboxuser/Documents/Ros2Workspaces/ros2_ws_Tutorial2-1/install/turtlesim
[0.247s] -- The C compiler identification is GNU 9.4.0
[0.397s] -- The CXX compiler identification is GNU 9.4.0
[0.414s] -- Check for working C compiler: /usr/bin/cc
[0.532s] -- Check for working C compiler: /usr/bin/cc -- works
[0.538s] -- Detecting C compiler ABI info
[0.661s] -- Detecting C compiler ABI info - done
[0.692s] -- Detecting C compile features
[0.694s] -- Detecting C compile features - done
[0.702s] -- Check for working CXX compiler: /usr/bin/c++
[0.870s] -- Check for working CXX compiler: /usr/bin/c++ -- works
[0.871s] -- Detecting CXX compiler ABI info
[1.085s] -- Detecting CXX compiler ABI info - done
[1.133s] -- Detecting CXX compile features
[1.135s] -- Detecting CXX compile features - done
[1.169s] CMake Error at CMakeLists.txt:12 (find_package):
[1.169s]   By not providing "Findament_cmake.cmake" in CMAKE_MODULE_PATH this project
[1.169s]   has asked CMake to find a package configuration file provided by
[1.169s]   "ament_cmake", but CMake did not find one.
[1.170s] 
[1.170s]   Could not find a package configuration file provided by "ament_cmake" with
[1.170s]   any of the following names:
[1.170s] 
[1.170s]     ament_cmakeConfig.cmake
[1.171s]     ament_cmake-config.cmake
[1.171s] 
[1.171s]   Add the installation prefix of "ament_cmake" to CMAKE_PREFIX_PATH or set
[1.171s]   "ament_cmake_DIR" to a directory containing one of the above files.  If
[1.172s]   "ament_cmake" provides a separate development package or SDK, be sure it
[1.172s]   has been installed.
[1.172s] 
[1.172s] 
[1.172s] -- Configuring incomplete, errors occurred!
[1.173s] See also "/home/vboxuser/Documents/Ros2Workspaces/ros2_ws_Tutorial2-1/build/turtlesim/CMakeFiles/CMakeOutput.log".
[1.178s] Invoked command in '/home/vboxuser/Documents/Ros2Workspaces/ros2_ws_Tutorial2-1/build/turtlesim' returned '1': /usr/bin/cmake /home/vboxuser/Documents/Ros2Workspaces/ros2_ws_Tutorial2-1/src/ros_tutorials/turtlesim -DCMAKE_INSTALL_PREFIX=/home/vboxuser/Documents/Ros2Workspaces/ros2_ws_Tutorial2-1/install/turtlesim
