[0.052s] Invoking command in '/home/vboxuser/Documents/Ros2Workspaces/ROS2-Tutorial/build/cpp_pubsub': CMAKE_PREFIX_PATH=/opt/ros/foxy /usr/bin/cmake /home/vboxuser/Documents/Ros2Workspaces/ROS2-Tutorial/src/cpp_pubsub -DCMAKE_INSTALL_PREFIX=/home/vboxuser/Documents/Ros2Workspaces/ROS2-Tutorial/install/cpp_pubsub
[0.318s] -- The C compiler identification is GNU 9.4.0
[0.591s] -- The CXX compiler identification is GNU 9.4.0
[0.607s] -- Check for working C compiler: /usr/bin/cc
[0.897s] -- Check for working C compiler: /usr/bin/cc -- works
[0.901s] -- Detecting C compiler ABI info
[1.190s] -- Detecting C compiler ABI info - done
[1.268s] -- Detecting C compile features
[1.270s] -- Detecting C compile features - done
[1.279s] -- Check for working CXX compiler: /usr/bin/c++
[1.548s] -- Check for working CXX compiler: /usr/bin/c++ -- works
[1.551s] -- Detecting CXX compiler ABI info
[1.818s] -- Detecting CXX compiler ABI info - done
[1.892s] -- Detecting CXX compile features
[1.894s] -- Detecting CXX compile features - done
[1.899s] -- Found ament_cmake: 0.9.11 (/opt/ros/foxy/share/ament_cmake/cmake)
[1.999s] -- Found PythonInterp: /usr/bin/python3 (found suitable version "3.8.10", minimum required is "3") 
[1.999s] -- Using PYTHON_EXECUTABLE: /usr/bin/python3
[2.703s] -- Found rclcpp: 2.4.2 (/opt/ros/foxy/share/rclcpp/cmake)
[2.887s] -- Using all available rosidl_typesupport_c: rosidl_typesupport_fastrtps_c;rosidl_typesupport_introspection_c
[2.913s] -- Found rosidl_adapter: 1.3.0 (/opt/ros/foxy/share/rosidl_adapter/cmake)
[3.129s] -- Found OpenSSL: /usr/lib/x86_64-linux-gnu/libcrypto.so (found version "1.1.1f")  
[3.246s] -- Found FastRTPS: /opt/ros/foxy/include  
[3.525s] -- Using all available rosidl_typesupport_cpp: rosidl_typesupport_fastrtps_cpp;rosidl_typesupport_introspection_cpp
[3.778s] -- Found rmw_implementation_cmake: 1.0.3 (/opt/ros/foxy/share/rmw_implementation_cmake/cmake)
[3.786s] -- Using RMW implementation 'rmw_fastrtps_cpp' as default
[3.790s] -- Looking for pthread.h
[4.037s] -- Looking for pthread.h - found
[4.038s] -- Performing Test CMAKE_HAVE_LIBC_PTHREAD
[4.436s] -- Performing Test CMAKE_HAVE_LIBC_PTHREAD - Failed
[4.436s] -- Looking for pthread_create in pthreads
[4.710s] -- Looking for pthread_create in pthreads - not found
[4.711s] -- Looking for pthread_create in pthread
[5.091s] -- Looking for pthread_create in pthread - found
[5.094s] -- Found Threads: TRUE  
[5.947s] -- Found ament_lint_auto: 0.9.7 (/opt/ros/foxy/share/ament_lint_auto/cmake)
[6.234s] -- Added test 'copyright' to check source files copyright and LICENSE
[6.238s] -- Added test 'cppcheck' to perform static code analysis on C / C++ code
[6.239s] -- Configured cppcheck include dirs: 
[6.239s] -- Configured cppcheck exclude dirs and/or files: 
[6.242s] -- Added test 'cpplint' to check C / C++ code against the Google style
[6.242s] -- Configured cpplint exclude dirs and/or files: 
[6.245s] -- Added test 'lint_cmake' to check CMake code style
[6.248s] -- Added test 'uncrustify' to check C / C++ code style
[6.250s] -- Configured uncrustify additional arguments: 
[6.251s] -- Added test 'xmllint' to check XML markup files
[6.259s] -- Configuring done
[6.306s] -- Generating done
[6.317s] -- Build files have been written to: /home/vboxuser/Documents/Ros2Workspaces/ROS2-Tutorial/build/cpp_pubsub
[6.342s] Invoked command in '/home/vboxuser/Documents/Ros2Workspaces/ROS2-Tutorial/build/cpp_pubsub' returned '0': CMAKE_PREFIX_PATH=/opt/ros/foxy /usr/bin/cmake /home/vboxuser/Documents/Ros2Workspaces/ROS2-Tutorial/src/cpp_pubsub -DCMAKE_INSTALL_PREFIX=/home/vboxuser/Documents/Ros2Workspaces/ROS2-Tutorial/install/cpp_pubsub
[6.347s] Invoking command in '/home/vboxuser/Documents/Ros2Workspaces/ROS2-Tutorial/build/cpp_pubsub': CMAKE_PREFIX_PATH=/opt/ros/foxy /usr/bin/cmake --build /home/vboxuser/Documents/Ros2Workspaces/ROS2-Tutorial/build/cpp_pubsub -- -j4 -l4
[6.505s] [35m[1mScanning dependencies of target listener[0m
[6.553s] [35m[1mScanning dependencies of target talker[0m
[6.760s] [ 25%] [32mBuilding CXX object CMakeFiles/talker.dir/src/publisher_member_function.cpp.o[0m
[6.762s] [ 50%] [32mBuilding CXX object CMakeFiles/listener.dir/src/subscriber_member_function.cpp.o[0m
[19.604s] [ 75%] [32m[1mLinking CXX executable talker[0m
[20.291s] [ 75%] Built target talker
[25.129s] [100%] [32m[1mLinking CXX executable listener[0m
[26.010s] [100%] Built target listener
[26.041s] Invoked command in '/home/vboxuser/Documents/Ros2Workspaces/ROS2-Tutorial/build/cpp_pubsub' returned '0': CMAKE_PREFIX_PATH=/opt/ros/foxy /usr/bin/cmake --build /home/vboxuser/Documents/Ros2Workspaces/ROS2-Tutorial/build/cpp_pubsub -- -j4 -l4
[26.180s] Invoking command in '/home/vboxuser/Documents/Ros2Workspaces/ROS2-Tutorial/build/cpp_pubsub': CMAKE_PREFIX_PATH=/opt/ros/foxy /usr/bin/cmake --install /home/vboxuser/Documents/Ros2Workspaces/ROS2-Tutorial/build/cpp_pubsub
[26.204s] -- Install configuration: ""
[26.205s] -- Installing: /home/vboxuser/Documents/Ros2Workspaces/ROS2-Tutorial/install/cpp_pubsub/lib/cpp_pubsub/talker
[26.207s] -- Set runtime path of "/home/vboxuser/Documents/Ros2Workspaces/ROS2-Tutorial/install/cpp_pubsub/lib/cpp_pubsub/talker" to ""
[26.208s] -- Up-to-date: /home/vboxuser/Documents/Ros2Workspaces/ROS2-Tutorial/install/cpp_pubsub/lib/cpp_pubsub/talker
[26.209s] -- Installing: /home/vboxuser/Documents/Ros2Workspaces/ROS2-Tutorial/install/cpp_pubsub/lib/cpp_pubsub/listener
[26.213s] -- Set runtime path of "/home/vboxuser/Documents/Ros2Workspaces/ROS2-Tutorial/install/cpp_pubsub/lib/cpp_pubsub/listener" to ""
[26.215s] -- Installing: /home/vboxuser/Documents/Ros2Workspaces/ROS2-Tutorial/install/cpp_pubsub/share/ament_index/resource_index/package_run_dependencies/cpp_pubsub
[26.216s] -- Installing: /home/vboxuser/Documents/Ros2Workspaces/ROS2-Tutorial/install/cpp_pubsub/share/ament_index/resource_index/parent_prefix_path/cpp_pubsub
[26.216s] -- Installing: /home/vboxuser/Documents/Ros2Workspaces/ROS2-Tutorial/install/cpp_pubsub/share/cpp_pubsub/environment/ament_prefix_path.sh
[26.217s] -- Installing: /home/vboxuser/Documents/Ros2Workspaces/ROS2-Tutorial/install/cpp_pubsub/share/cpp_pubsub/environment/ament_prefix_path.dsv
[26.217s] -- Installing: /home/vboxuser/Documents/Ros2Workspaces/ROS2-Tutorial/install/cpp_pubsub/share/cpp_pubsub/environment/path.sh
[26.218s] -- Installing: /home/vboxuser/Documents/Ros2Workspaces/ROS2-Tutorial/install/cpp_pubsub/share/cpp_pubsub/environment/path.dsv
[26.218s] -- Installing: /home/vboxuser/Documents/Ros2Workspaces/ROS2-Tutorial/install/cpp_pubsub/share/cpp_pubsub/local_setup.bash
[26.219s] -- Installing: /home/vboxuser/Documents/Ros2Workspaces/ROS2-Tutorial/install/cpp_pubsub/share/cpp_pubsub/local_setup.sh
[26.219s] -- Installing: /home/vboxuser/Documents/Ros2Workspaces/ROS2-Tutorial/install/cpp_pubsub/share/cpp_pubsub/local_setup.zsh
[26.220s] -- Installing: /home/vboxuser/Documents/Ros2Workspaces/ROS2-Tutorial/install/cpp_pubsub/share/cpp_pubsub/local_setup.dsv
[26.220s] -- Installing: /home/vboxuser/Documents/Ros2Workspaces/ROS2-Tutorial/install/cpp_pubsub/share/cpp_pubsub/package.dsv
[26.221s] -- Installing: /home/vboxuser/Documents/Ros2Workspaces/ROS2-Tutorial/install/cpp_pubsub/share/ament_index/resource_index/packages/cpp_pubsub
[26.222s] -- Installing: /home/vboxuser/Documents/Ros2Workspaces/ROS2-Tutorial/install/cpp_pubsub/share/cpp_pubsub/cmake/cpp_pubsubConfig.cmake
[26.222s] -- Installing: /home/vboxuser/Documents/Ros2Workspaces/ROS2-Tutorial/install/cpp_pubsub/share/cpp_pubsub/cmake/cpp_pubsubConfig-version.cmake
[26.223s] -- Installing: /home/vboxuser/Documents/Ros2Workspaces/ROS2-Tutorial/install/cpp_pubsub/share/cpp_pubsub/package.xml
[26.229s] Invoked command in '/home/vboxuser/Documents/Ros2Workspaces/ROS2-Tutorial/build/cpp_pubsub' returned '0': CMAKE_PREFIX_PATH=/opt/ros/foxy /usr/bin/cmake --install /home/vboxuser/Documents/Ros2Workspaces/ROS2-Tutorial/build/cpp_pubsub
