[0.038s] Invoking command in '/home/vboxuser/Documents/Ros2Workspaces/ros2_ws_Tutorial2-1/build/turtlesim': CMAKE_PREFIX_PATH=/opt/ros/foxy /usr/bin/cmake /home/vboxuser/Documents/Ros2Workspaces/ros2_ws_Tutorial2-1/src/ros_tutorials/turtlesim -DCMAKE_INSTALL_PREFIX=/home/vboxuser/Documents/Ros2Workspaces/ros2_ws_Tutorial2-1/install/turtlesim
[0.092s] -- Found ament_cmake: 0.9.11 (/opt/ros/foxy/share/ament_cmake/cmake)
[0.166s] -- Found PythonInterp: /usr/bin/python3 (found suitable version "3.8.10", minimum required is "3") 
[0.167s] -- Using PYTHON_EXECUTABLE: /usr/bin/python3
[0.678s] -- Override CMake install command with custom implementation using symlinks instead of copying resources
[0.780s] -- Found ament_index_cpp: 1.1.0 (/opt/ros/foxy/share/ament_index_cpp/cmake)
[0.796s] -- Found geometry_msgs: 2.0.5 (/opt/ros/foxy/share/geometry_msgs/cmake)
[0.920s] -- Using all available rosidl_typesupport_c: rosidl_typesupport_fastrtps_c;rosidl_typesupport_introspection_c
[0.948s] -- Found rosidl_adapter: 1.3.0 (/opt/ros/foxy/share/rosidl_adapter/cmake)
[1.163s] -- Found OpenSSL: /usr/lib/x86_64-linux-gnu/libcrypto.so (found version "1.1.1f")  
[1.261s] -- Found FastRTPS: /opt/ros/foxy/include  
[1.545s] -- Using all available rosidl_typesupport_cpp: rosidl_typesupport_fastrtps_cpp;rosidl_typesupport_introspection_cpp
[1.970s] -- Found rclcpp: 2.4.2 (/opt/ros/foxy/share/rclcpp/cmake)
[2.155s] -- Found rmw_implementation_cmake: 1.0.3 (/opt/ros/foxy/share/rmw_implementation_cmake/cmake)
[2.160s] -- Using RMW implementation 'rmw_fastrtps_cpp' as default
[2.165s] -- Looking for pthread.h
[2.364s] -- Looking for pthread.h - found
[2.379s] -- Performing Test CMAKE_HAVE_LIBC_PTHREAD
[2.569s] -- Performing Test CMAKE_HAVE_LIBC_PTHREAD - Failed
[2.569s] -- Looking for pthread_create in pthreads
[2.728s] -- Looking for pthread_create in pthreads - not found
[2.728s] -- Looking for pthread_create in pthread
[2.905s] -- Looking for pthread_create in pthread - found
[2.907s] -- Found Threads: TRUE  
[3.544s] -- Found rclcpp_action: 2.4.2 (/opt/ros/foxy/share/rclcpp_action/cmake)
[3.863s] -- Found rosidl_default_generators: 1.0.1 (/opt/ros/foxy/share/rosidl_default_generators/cmake)
[3.910s] -- Found std_srvs: 2.0.5 (/opt/ros/foxy/share/std_srvs/cmake)
[4.019s] -- Found PythonInterp: /usr/bin/python3 (found version "3.8.10") 
[4.713s] -- Found ament_cmake_ros: 0.9.2 (/opt/ros/foxy/share/ament_cmake_ros/cmake)
[5.145s] -- Using all available rosidl_typesupport_c: rosidl_typesupport_fastrtps_c;rosidl_typesupport_introspection_c
[5.251s] -- Using all available rosidl_typesupport_cpp: rosidl_typesupport_fastrtps_cpp;rosidl_typesupport_introspection_cpp
[5.325s] -- Found PythonInterp: /usr/bin/python3 (found suitable version "3.8.10", minimum required is "3.5") 
[5.332s] -- Found python_cmake_module: 0.8.1 (/opt/ros/foxy/share/python_cmake_module/cmake)
[5.411s] -- Found PythonLibs: /usr/lib/x86_64-linux-gnu/libpython3.8.so (found suitable version "3.8.10", minimum required is "3.5") 
[5.411s] -- Using PYTHON_EXECUTABLE: /usr/bin/python3
[5.411s] -- Using PYTHON_INCLUDE_DIRS: /usr/include/python3.8
[5.412s] -- Using PYTHON_LIBRARIES: /usr/lib/x86_64-linux-gnu/libpython3.8.so
[5.468s] -- Found PythonExtra: .so  
[5.734s] -- Configuring done
[6.121s] -- Generating done
[6.134s] -- Build files have been written to: /home/vboxuser/Documents/Ros2Workspaces/ros2_ws_Tutorial2-1/build/turtlesim
[6.154s] Invoked command in '/home/vboxuser/Documents/Ros2Workspaces/ros2_ws_Tutorial2-1/build/turtlesim' returned '0': CMAKE_PREFIX_PATH=/opt/ros/foxy /usr/bin/cmake /home/vboxuser/Documents/Ros2Workspaces/ros2_ws_Tutorial2-1/src/ros_tutorials/turtlesim -DCMAKE_INSTALL_PREFIX=/home/vboxuser/Documents/Ros2Workspaces/ros2_ws_Tutorial2-1/install/turtlesim
[6.162s] Invoking command in '/home/vboxuser/Documents/Ros2Workspaces/ros2_ws_Tutorial2-1/build/turtlesim': CMAKE_PREFIX_PATH=/opt/ros/foxy /usr/bin/cmake --build /home/vboxuser/Documents/Ros2Workspaces/ros2_ws_Tutorial2-1/build/turtlesim -- -j4 -l4
[6.260s] [  1%] [34m[1mGenerating C code for ROS interfaces[0m
[6.261s] [35m[1mScanning dependencies of target turtlesim__cpp[0m
[6.283s] [  2%] [34m[1mGenerating C++ code for ROS interfaces[0m
[12.071s] [  2%] Built target turtlesim__cpp
[12.104s] [  3%] [34m[1mGenerating C++ type support dispatch for ROS interfaces[0m
[12.123s] [  4%] [34m[1mGenerating C++ introspection for ROS interfaces[0m
[12.126s] [  5%] [34m[1mGenerating C++ type support for eProsima Fast-RTPS[0m
[13.497s] [35m[1mScanning dependencies of target turtlesim__rosidl_generator_c[0m
[13.607s] [  6%] [32mBuilding C object CMakeFiles/turtlesim__rosidl_generator_c.dir/rosidl_generator_c/turtlesim/action/detail/rotate_absolute__functions.c.o[0m
[14.513s] [  7%] [32mBuilding C object CMakeFiles/turtlesim__rosidl_generator_c.dir/rosidl_generator_c/turtlesim/msg/detail/color__functions.c.o[0m
[14.850s] [  8%] [32mBuilding C object CMakeFiles/turtlesim__rosidl_generator_c.dir/rosidl_generator_c/turtlesim/msg/detail/pose__functions.c.o[0m
[15.023s] [  9%] [32mBuilding C object CMakeFiles/turtlesim__rosidl_generator_c.dir/rosidl_generator_c/turtlesim/srv/detail/kill__functions.c.o[0m
[15.201s] [ 10%] [32mBuilding C object CMakeFiles/turtlesim__rosidl_generator_c.dir/rosidl_generator_c/turtlesim/srv/detail/set_pen__functions.c.o[0m
[15.542s] [ 11%] [32mBuilding C object CMakeFiles/turtlesim__rosidl_generator_c.dir/rosidl_generator_c/turtlesim/srv/detail/spawn__functions.c.o[0m
[15.765s] [ 12%] [32mBuilding C object CMakeFiles/turtlesim__rosidl_generator_c.dir/rosidl_generator_c/turtlesim/srv/detail/teleport_absolute__functions.c.o[0m
[15.768s] [35m[1mScanning dependencies of target turtlesim__rosidl_typesupport_cpp[0m
[15.895s] [ 13%] [32mBuilding CXX object CMakeFiles/turtlesim__rosidl_typesupport_cpp.dir/rosidl_typesupport_cpp/turtlesim/action/rotate_absolute__type_support.cpp.o[0m
[16.012s] [ 14%] [32mBuilding C object CMakeFiles/turtlesim__rosidl_generator_c.dir/rosidl_generator_c/turtlesim/srv/detail/teleport_relative__functions.c.o[0m
[16.515s] [ 15%] [32m[1mLinking C shared library libturtlesim__rosidl_generator_c.so[0m
[16.678s] [ 15%] Built target turtlesim__rosidl_generator_c
[16.930s] [ 16%] [34m[1mGenerating C type support dispatch for ROS interfaces[0m
[17.032s] [35m[1mScanning dependencies of target turtlesim__rosidl_typesupport_introspection_cpp[0m
[17.146s] [ 17%] [32mBuilding CXX object CMakeFiles/turtlesim__rosidl_typesupport_introspection_cpp.dir/rosidl_typesupport_introspection_cpp/turtlesim/action/detail/rotate_absolute__type_support.cpp.o[0m
[17.721s] [ 18%] [32mBuilding CXX object CMakeFiles/turtlesim__rosidl_typesupport_cpp.dir/rosidl_typesupport_cpp/turtlesim/msg/color__type_support.cpp.o[0m
[17.785s] [35m[1mScanning dependencies of target turtlesim__rosidl_typesupport_fastrtps_cpp[0m
[17.922s] [ 19%] [32mBuilding CXX object CMakeFiles/turtlesim__rosidl_typesupport_fastrtps_cpp.dir/rosidl_typesupport_fastrtps_cpp/turtlesim/action/detail/dds_fastrtps/rotate_absolute__type_support.cpp.o[0m
[19.089s] [ 20%] [32mBuilding CXX object CMakeFiles/turtlesim__rosidl_typesupport_introspection_cpp.dir/rosidl_typesupport_introspection_cpp/turtlesim/msg/detail/color__type_support.cpp.o[0m
[19.256s] [ 21%] [32mBuilding CXX object CMakeFiles/turtlesim__rosidl_typesupport_cpp.dir/rosidl_typesupport_cpp/turtlesim/msg/pose__type_support.cpp.o[0m
[20.582s] [ 22%] [32mBuilding CXX object CMakeFiles/turtlesim__rosidl_typesupport_fastrtps_cpp.dir/rosidl_typesupport_fastrtps_cpp/turtlesim/msg/detail/dds_fastrtps/color__type_support.cpp.o[0m
[20.600s] [ 23%] [32mBuilding CXX object CMakeFiles/turtlesim__rosidl_typesupport_introspection_cpp.dir/rosidl_typesupport_introspection_cpp/turtlesim/msg/detail/pose__type_support.cpp.o[0m
[20.854s] [35m[1mScanning dependencies of target turtlesim__rosidl_typesupport_c[0m
[21.097s] [ 24%] [32mBuilding CXX object CMakeFiles/turtlesim__rosidl_typesupport_c.dir/rosidl_typesupport_c/turtlesim/action/rotate_absolute__type_support.cpp.o[0m
[21.461s] [ 25%] [32mBuilding CXX object CMakeFiles/turtlesim__rosidl_typesupport_cpp.dir/rosidl_typesupport_cpp/turtlesim/srv/kill__type_support.cpp.o[0m
[21.499s] [ 26%] [32mBuilding CXX object CMakeFiles/turtlesim__rosidl_typesupport_c.dir/rosidl_typesupport_c/turtlesim/msg/color__type_support.cpp.o[0m
[21.735s] [ 27%] [32mBuilding CXX object CMakeFiles/turtlesim__rosidl_typesupport_c.dir/rosidl_typesupport_c/turtlesim/msg/pose__type_support.cpp.o[0m
[21.915s] [ 28%] [32mBuilding CXX object CMakeFiles/turtlesim__rosidl_typesupport_c.dir/rosidl_typesupport_c/turtlesim/srv/kill__type_support.cpp.o[0m
[22.095s] [ 29%] [32mBuilding CXX object CMakeFiles/turtlesim__rosidl_typesupport_c.dir/rosidl_typesupport_c/turtlesim/srv/set_pen__type_support.cpp.o[0m
[22.269s] [ 30%] [32mBuilding CXX object CMakeFiles/turtlesim__rosidl_typesupport_c.dir/rosidl_typesupport_c/turtlesim/srv/spawn__type_support.cpp.o[0m
[22.426s] [ 31%] [32mBuilding CXX object CMakeFiles/turtlesim__rosidl_typesupport_introspection_cpp.dir/rosidl_typesupport_introspection_cpp/turtlesim/srv/detail/kill__type_support.cpp.o[0m
[22.457s] [ 32%] [32mBuilding CXX object CMakeFiles/turtlesim__rosidl_typesupport_c.dir/rosidl_typesupport_c/turtlesim/srv/teleport_absolute__type_support.cpp.o[0m
[22.625s] [ 33%] [32mBuilding CXX object CMakeFiles/turtlesim__rosidl_typesupport_c.dir/rosidl_typesupport_c/turtlesim/srv/teleport_relative__type_support.cpp.o[0m
[22.824s] [ 34%] [32m[1mLinking CXX shared library libturtlesim__rosidl_typesupport_c.so[0m
[22.945s] [ 35%] [32mBuilding CXX object CMakeFiles/turtlesim__rosidl_typesupport_fastrtps_cpp.dir/rosidl_typesupport_fastrtps_cpp/turtlesim/msg/detail/dds_fastrtps/pose__type_support.cpp.o[0m
[23.046s] [ 35%] Built target turtlesim__rosidl_typesupport_c
[23.059s] [ 36%] [32mBuilding CXX object CMakeFiles/turtlesim__rosidl_typesupport_cpp.dir/rosidl_typesupport_cpp/turtlesim/srv/set_pen__type_support.cpp.o[0m
[23.088s] [ 37%] [34m[1mGenerating C introspection for ROS interfaces[0m
[23.922s] [ 38%] [32mBuilding CXX object CMakeFiles/turtlesim__rosidl_typesupport_introspection_cpp.dir/rosidl_typesupport_introspection_cpp/turtlesim/srv/detail/set_pen__type_support.cpp.o[0m
[24.252s] [ 39%] [32mBuilding CXX object CMakeFiles/turtlesim__rosidl_typesupport_cpp.dir/rosidl_typesupport_cpp/turtlesim/srv/spawn__type_support.cpp.o[0m
[24.553s] [ 40%] [32mBuilding CXX object CMakeFiles/turtlesim__rosidl_typesupport_fastrtps_cpp.dir/rosidl_typesupport_fastrtps_cpp/turtlesim/srv/detail/dds_fastrtps/kill__type_support.cpp.o[0m
[25.078s] [ 41%] [32mBuilding CXX object CMakeFiles/turtlesim__rosidl_typesupport_introspection_cpp.dir/rosidl_typesupport_introspection_cpp/turtlesim/srv/detail/spawn__type_support.cpp.o[0m
[25.338s] [ 42%] [32mBuilding CXX object CMakeFiles/turtlesim__rosidl_typesupport_cpp.dir/rosidl_typesupport_cpp/turtlesim/srv/teleport_absolute__type_support.cpp.o[0m
[26.408s] [ 43%] [32mBuilding CXX object CMakeFiles/turtlesim__rosidl_typesupport_fastrtps_cpp.dir/rosidl_typesupport_fastrtps_cpp/turtlesim/srv/detail/dds_fastrtps/set_pen__type_support.cpp.o[0m
[26.486s] [ 44%] [32mBuilding CXX object CMakeFiles/turtlesim__rosidl_typesupport_introspection_cpp.dir/rosidl_typesupport_introspection_cpp/turtlesim/srv/detail/teleport_absolute__type_support.cpp.o[0m
[26.790s] [ 45%] [32mBuilding CXX object CMakeFiles/turtlesim__rosidl_typesupport_cpp.dir/rosidl_typesupport_cpp/turtlesim/srv/teleport_relative__type_support.cpp.o[0m
[27.737s] [35m[1mScanning dependencies of target turtlesim__rosidl_typesupport_introspection_c[0m
[27.762s] [ 46%] [32mBuilding CXX object CMakeFiles/turtlesim__rosidl_typesupport_introspection_cpp.dir/rosidl_typesupport_introspection_cpp/turtlesim/srv/detail/teleport_relative__type_support.cpp.o[0m
[27.816s] [ 47%] [32mBuilding C object CMakeFiles/turtlesim__rosidl_typesupport_introspection_c.dir/rosidl_typesupport_introspection_c/turtlesim/action/detail/rotate_absolute__type_support.c.o[0m
[27.844s] [ 48%] [32m[1mLinking CXX shared library libturtlesim__rosidl_typesupport_cpp.so[0m
[27.994s] [ 48%] Built target turtlesim__rosidl_typesupport_cpp
[27.998s] [ 49%] [32mBuilding C object CMakeFiles/turtlesim__rosidl_typesupport_introspection_c.dir/rosidl_typesupport_introspection_c/turtlesim/msg/detail/color__type_support.c.o[0m
[28.024s] [ 50%] [32mBuilding C object CMakeFiles/turtlesim__rosidl_typesupport_introspection_c.dir/rosidl_typesupport_introspection_c/turtlesim/msg/detail/pose__type_support.c.o[0m
[28.105s] [ 51%] [32mBuilding CXX object CMakeFiles/turtlesim__rosidl_typesupport_fastrtps_cpp.dir/rosidl_typesupport_fastrtps_cpp/turtlesim/srv/detail/dds_fastrtps/spawn__type_support.cpp.o[0m
[28.142s] [ 52%] [32mBuilding C object CMakeFiles/turtlesim__rosidl_typesupport_introspection_c.dir/rosidl_typesupport_introspection_c/turtlesim/srv/detail/kill__type_support.c.o[0m
[28.149s] [ 53%] [32mBuilding C object CMakeFiles/turtlesim__rosidl_typesupport_introspection_c.dir/rosidl_typesupport_introspection_c/turtlesim/srv/detail/set_pen__type_support.c.o[0m
[28.284s] [ 54%] [32mBuilding C object CMakeFiles/turtlesim__rosidl_typesupport_introspection_c.dir/rosidl_typesupport_introspection_c/turtlesim/srv/detail/spawn__type_support.c.o[0m
[28.303s] [ 55%] [32mBuilding C object CMakeFiles/turtlesim__rosidl_typesupport_introspection_c.dir/rosidl_typesupport_introspection_c/turtlesim/srv/detail/teleport_absolute__type_support.c.o[0m
[28.420s] [ 56%] [32mBuilding C object CMakeFiles/turtlesim__rosidl_typesupport_introspection_c.dir/rosidl_typesupport_introspection_c/turtlesim/srv/detail/teleport_relative__type_support.c.o[0m
[28.467s] [ 57%] [32mBuilding CXX object CMakeFiles/turtlesim__rosidl_typesupport_fastrtps_cpp.dir/rosidl_typesupport_fastrtps_cpp/turtlesim/srv/detail/dds_fastrtps/teleport_absolute__type_support.cpp.o[0m
[28.551s] [ 58%] [32m[1mLinking C shared library libturtlesim__rosidl_typesupport_introspection_c.so[0m
[28.713s] [ 58%] Built target turtlesim__rosidl_typesupport_introspection_c
[28.755s] [ 59%] [32mBuilding CXX object CMakeFiles/turtlesim__rosidl_typesupport_fastrtps_cpp.dir/rosidl_typesupport_fastrtps_cpp/turtlesim/srv/detail/dds_fastrtps/teleport_relative__type_support.cpp.o[0m
[28.778s] [ 60%] [32m[1mLinking CXX shared library libturtlesim__rosidl_typesupport_introspection_cpp.so[0m
[29.158s] [ 60%] Built target turtlesim__rosidl_typesupport_introspection_cpp
[30.567s] [ 61%] [32m[1mLinking CXX shared library libturtlesim__rosidl_typesupport_fastrtps_cpp.so[0m
[30.807s] [ 61%] Built target turtlesim__rosidl_typesupport_fastrtps_cpp
[30.840s] [ 62%] [34m[1mGenerating C type support for eProsima Fast-RTPS[0m
[34.589s] [35m[1mScanning dependencies of target turtlesim__rosidl_typesupport_fastrtps_c[0m
[34.718s] [ 63%] [32mBuilding CXX object CMakeFiles/turtlesim__rosidl_typesupport_fastrtps_c.dir/rosidl_typesupport_fastrtps_c/turtlesim/msg/detail/color__type_support_c.cpp.o[0m
[34.719s] [ 64%] [32mBuilding CXX object CMakeFiles/turtlesim__rosidl_typesupport_fastrtps_c.dir/rosidl_typesupport_fastrtps_c/turtlesim/action/detail/rotate_absolute__type_support_c.cpp.o[0m
[34.735s] [ 65%] [32mBuilding CXX object CMakeFiles/turtlesim__rosidl_typesupport_fastrtps_c.dir/rosidl_typesupport_fastrtps_c/turtlesim/srv/detail/kill__type_support_c.cpp.o[0m
[34.752s] [ 66%] [32mBuilding CXX object CMakeFiles/turtlesim__rosidl_typesupport_fastrtps_c.dir/rosidl_typesupport_fastrtps_c/turtlesim/msg/detail/pose__type_support_c.cpp.o[0m
[36.188s] [ 67%] [32mBuilding CXX object CMakeFiles/turtlesim__rosidl_typesupport_fastrtps_c.dir/rosidl_typesupport_fastrtps_c/turtlesim/srv/detail/set_pen__type_support_c.cpp.o[0m
[36.211s] [ 68%] [32mBuilding CXX object CMakeFiles/turtlesim__rosidl_typesupport_fastrtps_c.dir/rosidl_typesupport_fastrtps_c/turtlesim/srv/detail/spawn__type_support_c.cpp.o[0m
[36.390s] [ 69%] [32mBuilding CXX object CMakeFiles/turtlesim__rosidl_typesupport_fastrtps_c.dir/rosidl_typesupport_fastrtps_c/turtlesim/srv/detail/teleport_absolute__type_support_c.cpp.o[0m
[36.418s] [ 70%] [32mBuilding CXX object CMakeFiles/turtlesim__rosidl_typesupport_fastrtps_c.dir/rosidl_typesupport_fastrtps_c/turtlesim/srv/detail/teleport_relative__type_support_c.cpp.o[0m
[37.733s] [ 71%] [32m[1mLinking CXX shared library libturtlesim__rosidl_typesupport_fastrtps_c.so[0m
[38.009s] [ 71%] Built target turtlesim__rosidl_typesupport_fastrtps_c
[38.038s] [35m[1mScanning dependencies of target turtlesim[0m
[38.067s] [ 71%] Built target turtlesim
[38.094s] [35m[1mScanning dependencies of target turtlesim__py[0m
[38.098s] [35m[1mScanning dependencies of target mimic[0m
[38.107s] [35m[1mScanning dependencies of target draw_square[0m
[38.118s] [35m[1mScanning dependencies of target turtle_teleop_key[0m
[38.156s] [ 72%] [34m[1mGenerating Python code for ROS interfaces[0m
[38.432s] [ 73%] [32mBuilding CXX object CMakeFiles/draw_square.dir/tutorials/draw_square.cpp.o[0m
[38.437s] [ 74%] [32mBuilding CXX object CMakeFiles/mimic.dir/tutorials/mimic.cpp.o[0m
[38.446s] [ 75%] [32mBuilding CXX object CMakeFiles/turtle_teleop_key.dir/tutorials/teleop_turtle_key.cpp.o[0m
[50.400s] [ 75%] Built target turtlesim__py
[56.220s] [ 76%] [32m[1mLinking CXX executable turtle_teleop_key[0m
[57.244s] [ 76%] Built target turtle_teleop_key
[58.964s] [ 77%] [32m[1mLinking CXX executable mimic[0m
[59.842s] [ 77%] Built target mimic
[62.647s] [ 78%] [32m[1mLinking CXX executable draw_square[0m
[63.536s] [ 78%] Built target draw_square
[63.570s] [35m[1mScanning dependencies of target turtlesim__python[0m
[63.727s] [ 79%] [32mBuilding C object CMakeFiles/turtlesim__python.dir/rosidl_generator_py/turtlesim/action/_rotate_absolute_s.c.o[0m
[64.190s] [ 80%] [32mBuilding C object CMakeFiles/turtlesim__python.dir/rosidl_generator_py/turtlesim/msg/_pose_s.c.o[0m
[64.534s] [ 81%] [32mBuilding C object CMakeFiles/turtlesim__python.dir/rosidl_generator_py/turtlesim/srv/_kill_s.c.o[0m
[64.986s] [ 82%] [32mBuilding C object CMakeFiles/turtlesim__python.dir/rosidl_generator_py/turtlesim/srv/_set_pen_s.c.o[0m
[65.364s] [ 83%] [32mBuilding C object CMakeFiles/turtlesim__python.dir/rosidl_generator_py/turtlesim/srv/_spawn_s.c.o[0m
[65.669s] [ 84%] [32mBuilding C object CMakeFiles/turtlesim__python.dir/rosidl_generator_py/turtlesim/srv/_teleport_absolute_s.c.o[0m
[66.095s] [ 85%] [32mBuilding C object CMakeFiles/turtlesim__python.dir/rosidl_generator_py/turtlesim/srv/_teleport_relative_s.c.o[0m
[66.545s] [ 86%] [32mBuilding C object CMakeFiles/turtlesim__python.dir/rosidl_generator_py/turtlesim/msg/_color_s.c.o[0m
[66.861s] [ 87%] [32m[1mLinking C shared library rosidl_generator_py/turtlesim/libturtlesim__python.so[0m
[67.021s] [ 87%] Built target turtlesim__python
[67.056s] [ 88%] [34m[1mGenerating include/turtlesim/moc_turtle_frame.cpp[0m
[67.303s] [35m[1mScanning dependencies of target turtlesim_node[0m
[67.584s] [ 89%] [32mBuilding CXX object CMakeFiles/turtlesim_node.dir/src/turtlesim.cpp.o[0m
[75.802s] [ 90%] [32mBuilding CXX object CMakeFiles/turtlesim_node.dir/src/turtle.cpp.o[0m
[95.211s] [ 91%] [32mBuilding CXX object CMakeFiles/turtlesim_node.dir/src/turtle_frame.cpp.o[0m
[111.122s] [ 92%] [32mBuilding CXX object CMakeFiles/turtlesim_node.dir/include/turtlesim/moc_turtle_frame.cpp.o[0m
[117.212s] [ 93%] [32m[1mLinking CXX executable turtlesim_node[0m
[120.829s] [ 93%] Built target turtlesim_node
[120.858s] [35m[1mScanning dependencies of target turtlesim__rosidl_typesupport_fastrtps_c__pyext[0m
[120.862s] [35m[1mScanning dependencies of target turtlesim__rosidl_typesupport_c__pyext[0m
[120.943s] [ 94%] [32mBuilding C object CMakeFiles/turtlesim__rosidl_typesupport_c__pyext.dir/rosidl_generator_py/turtlesim/_turtlesim_s.ep.rosidl_typesupport_c.c.o[0m
[120.953s] [ 95%] [32mBuilding C object CMakeFiles/turtlesim__rosidl_typesupport_fastrtps_c__pyext.dir/rosidl_generator_py/turtlesim/_turtlesim_s.ep.rosidl_typesupport_fastrtps_c.c.o[0m
[121.416s] [ 96%] [32m[1mLinking C shared library rosidl_generator_py/turtlesim/turtlesim_s__rosidl_typesupport_c.cpython-38-x86_64-linux-gnu.so[0m
[121.480s] [ 97%] [32m[1mLinking CXX shared library rosidl_generator_py/turtlesim/turtlesim_s__rosidl_typesupport_fastrtps_c.cpython-38-x86_64-linux-gnu.so[0m
[121.561s] [ 97%] Built target turtlesim__rosidl_typesupport_c__pyext
[121.603s] [35m[1mScanning dependencies of target turtlesim__rosidl_typesupport_introspection_c__pyext[0m
[121.732s] [ 98%] [32mBuilding C object CMakeFiles/turtlesim__rosidl_typesupport_introspection_c__pyext.dir/rosidl_generator_py/turtlesim/_turtlesim_s.ep.rosidl_typesupport_introspection_c.c.o[0m
[121.800s] [ 98%] Built target turtlesim__rosidl_typesupport_fastrtps_c__pyext
[122.317s] [100%] [32m[1mLinking C shared library rosidl_generator_py/turtlesim/turtlesim_s__rosidl_typesupport_introspection_c.cpython-38-x86_64-linux-gnu.so[0m
[122.472s] [100%] Built target turtlesim__rosidl_typesupport_introspection_c__pyext
[122.522s] Invoked command in '/home/vboxuser/Documents/Ros2Workspaces/ros2_ws_Tutorial2-1/build/turtlesim' returned '0': CMAKE_PREFIX_PATH=/opt/ros/foxy /usr/bin/cmake --build /home/vboxuser/Documents/Ros2Workspaces/ros2_ws_Tutorial2-1/build/turtlesim -- -j4 -l4
[123.083s] Invoking command in '/home/vboxuser/Documents/Ros2Workspaces/ros2_ws_Tutorial2-1/build/turtlesim': CMAKE_PREFIX_PATH=/opt/ros/foxy /usr/bin/cmake --install /home/vboxuser/Documents/Ros2Workspaces/ros2_ws_Tutorial2-1/build/turtlesim
[123.122s] -- Install configuration: ""
[123.127s] -- Execute custom install script
[123.127s] -- Symlinking: /home/vboxuser/Documents/Ros2Workspaces/ros2_ws_Tutorial2-1/install/turtlesim/share/ament_index/resource_index/rosidl_interfaces/turtlesim
[123.152s] -- Symlinking: /home/vboxuser/Documents/Ros2Workspaces/ros2_ws_Tutorial2-1/install/turtlesim/include/turtlesim/action/detail/rotate_absolute__functions.h
[123.183s] -- Symlinking: /home/vboxuser/Documents/Ros2Workspaces/ros2_ws_Tutorial2-1/install/turtlesim/include/turtlesim/action/detail/rotate_absolute__struct.h
[123.204s] -- Symlinking: /home/vboxuser/Documents/Ros2Workspaces/ros2_ws_Tutorial2-1/install/turtlesim/include/turtlesim/action/detail/rotate_absolute__type_support.h
[123.228s] -- Symlinking: /home/vboxuser/Documents/Ros2Workspaces/ros2_ws_Tutorial2-1/install/turtlesim/include/turtlesim/action/rotate_absolute.h
[123.268s] -- Symlinking: /home/vboxuser/Documents/Ros2Workspaces/ros2_ws_Tutorial2-1/install/turtlesim/include/turtlesim/msg/color.h
[123.294s] -- Symlinking: /home/vboxuser/Documents/Ros2Workspaces/ros2_ws_Tutorial2-1/install/turtlesim/include/turtlesim/msg/detail/color__functions.h
[123.320s] -- Symlinking: /home/vboxuser/Documents/Ros2Workspaces/ros2_ws_Tutorial2-1/install/turtlesim/include/turtlesim/msg/detail/color__struct.h
[123.344s] -- Symlinking: /home/vboxuser/Documents/Ros2Workspaces/ros2_ws_Tutorial2-1/install/turtlesim/include/turtlesim/msg/detail/color__type_support.h
[123.366s] -- Symlinking: /home/vboxuser/Documents/Ros2Workspaces/ros2_ws_Tutorial2-1/install/turtlesim/include/turtlesim/msg/detail/pose__functions.h
[123.388s] -- Symlinking: /home/vboxuser/Documents/Ros2Workspaces/ros2_ws_Tutorial2-1/install/turtlesim/include/turtlesim/msg/detail/pose__struct.h
[123.433s] -- Symlinking: /home/vboxuser/Documents/Ros2Workspaces/ros2_ws_Tutorial2-1/install/turtlesim/include/turtlesim/msg/detail/pose__type_support.h
[123.469s] -- Symlinking: /home/vboxuser/Documents/Ros2Workspaces/ros2_ws_Tutorial2-1/install/turtlesim/include/turtlesim/msg/pose.h
[123.500s] -- Symlinking: /home/vboxuser/Documents/Ros2Workspaces/ros2_ws_Tutorial2-1/install/turtlesim/include/turtlesim/msg/rosidl_generator_c__visibility_control.h
[123.533s] -- Symlinking: /home/vboxuser/Documents/Ros2Workspaces/ros2_ws_Tutorial2-1/install/turtlesim/include/turtlesim/srv/detail/kill__functions.h
[123.563s] -- Symlinking: /home/vboxuser/Documents/Ros2Workspaces/ros2_ws_Tutorial2-1/install/turtlesim/include/turtlesim/srv/detail/kill__struct.h
[123.595s] -- Symlinking: /home/vboxuser/Documents/Ros2Workspaces/ros2_ws_Tutorial2-1/install/turtlesim/include/turtlesim/srv/detail/kill__type_support.h
[123.633s] -- Symlinking: /home/vboxuser/Documents/Ros2Workspaces/ros2_ws_Tutorial2-1/install/turtlesim/include/turtlesim/srv/detail/set_pen__functions.h
[123.669s] -- Symlinking: /home/vboxuser/Documents/Ros2Workspaces/ros2_ws_Tutorial2-1/install/turtlesim/include/turtlesim/srv/detail/set_pen__struct.h
[123.698s] -- Symlinking: /home/vboxuser/Documents/Ros2Workspaces/ros2_ws_Tutorial2-1/install/turtlesim/include/turtlesim/srv/detail/set_pen__type_support.h
[123.738s] -- Symlinking: /home/vboxuser/Documents/Ros2Workspaces/ros2_ws_Tutorial2-1/install/turtlesim/include/turtlesim/srv/detail/spawn__functions.h
[123.763s] -- Symlinking: /home/vboxuser/Documents/Ros2Workspaces/ros2_ws_Tutorial2-1/install/turtlesim/include/turtlesim/srv/detail/spawn__struct.h
[123.782s] -- Symlinking: /home/vboxuser/Documents/Ros2Workspaces/ros2_ws_Tutorial2-1/install/turtlesim/include/turtlesim/srv/detail/spawn__type_support.h
[123.819s] -- Symlinking: /home/vboxuser/Documents/Ros2Workspaces/ros2_ws_Tutorial2-1/install/turtlesim/include/turtlesim/srv/detail/teleport_absolute__functions.h
[123.858s] -- Symlinking: /home/vboxuser/Documents/Ros2Workspaces/ros2_ws_Tutorial2-1/install/turtlesim/include/turtlesim/srv/detail/teleport_absolute__struct.h
[123.880s] -- Symlinking: /home/vboxuser/Documents/Ros2Workspaces/ros2_ws_Tutorial2-1/install/turtlesim/include/turtlesim/srv/detail/teleport_absolute__type_support.h
[123.932s] -- Symlinking: /home/vboxuser/Documents/Ros2Workspaces/ros2_ws_Tutorial2-1/install/turtlesim/include/turtlesim/srv/detail/teleport_relative__functions.h
[123.989s] -- Symlinking: /home/vboxuser/Documents/Ros2Workspaces/ros2_ws_Tutorial2-1/install/turtlesim/include/turtlesim/srv/detail/teleport_relative__struct.h
[124.013s] -- Symlinking: /home/vboxuser/Documents/Ros2Workspaces/ros2_ws_Tutorial2-1/install/turtlesim/include/turtlesim/srv/detail/teleport_relative__type_support.h
[124.035s] -- Symlinking: /home/vboxuser/Documents/Ros2Workspaces/ros2_ws_Tutorial2-1/install/turtlesim/include/turtlesim/srv/kill.h
[124.061s] -- Symlinking: /home/vboxuser/Documents/Ros2Workspaces/ros2_ws_Tutorial2-1/install/turtlesim/include/turtlesim/srv/set_pen.h
[124.086s] -- Symlinking: /home/vboxuser/Documents/Ros2Workspaces/ros2_ws_Tutorial2-1/install/turtlesim/include/turtlesim/srv/spawn.h
[124.112s] -- Symlinking: /home/vboxuser/Documents/Ros2Workspaces/ros2_ws_Tutorial2-1/install/turtlesim/include/turtlesim/srv/teleport_absolute.h
[124.141s] -- Symlinking: /home/vboxuser/Documents/Ros2Workspaces/ros2_ws_Tutorial2-1/install/turtlesim/include/turtlesim/srv/teleport_relative.h
[124.186s] -- Symlinking: /home/vboxuser/Documents/Ros2Workspaces/ros2_ws_Tutorial2-1/install/turtlesim/share/turtlesim/environment/library_path.sh
[124.215s] -- Symlinking: /home/vboxuser/Documents/Ros2Workspaces/ros2_ws_Tutorial2-1/install/turtlesim/share/turtlesim/environment/library_path.dsv
[124.236s] -- Symlinking: /home/vboxuser/Documents/Ros2Workspaces/ros2_ws_Tutorial2-1/install/turtlesim/include/turtlesim/action/detail/rotate_absolute__rosidl_typesupport_fastrtps_c.h
[124.269s] -- Symlinking: /home/vboxuser/Documents/Ros2Workspaces/ros2_ws_Tutorial2-1/install/turtlesim/include/turtlesim/msg/detail/color__rosidl_typesupport_fastrtps_c.h
[124.292s] -- Symlinking: /home/vboxuser/Documents/Ros2Workspaces/ros2_ws_Tutorial2-1/install/turtlesim/include/turtlesim/msg/detail/pose__rosidl_typesupport_fastrtps_c.h
[124.324s] -- Symlinking: /home/vboxuser/Documents/Ros2Workspaces/ros2_ws_Tutorial2-1/install/turtlesim/include/turtlesim/msg/rosidl_typesupport_fastrtps_c__visibility_control.h
[124.356s] -- Symlinking: /home/vboxuser/Documents/Ros2Workspaces/ros2_ws_Tutorial2-1/install/turtlesim/include/turtlesim/srv/detail/kill__rosidl_typesupport_fastrtps_c.h
[124.408s] -- Symlinking: /home/vboxuser/Documents/Ros2Workspaces/ros2_ws_Tutorial2-1/install/turtlesim/include/turtlesim/srv/detail/set_pen__rosidl_typesupport_fastrtps_c.h
[124.479s] -- Symlinking: /home/vboxuser/Documents/Ros2Workspaces/ros2_ws_Tutorial2-1/install/turtlesim/include/turtlesim/srv/detail/spawn__rosidl_typesupport_fastrtps_c.h
[124.513s] -- Symlinking: /home/vboxuser/Documents/Ros2Workspaces/ros2_ws_Tutorial2-1/install/turtlesim/include/turtlesim/srv/detail/teleport_absolute__rosidl_typesupport_fastrtps_c.h
[124.561s] -- Symlinking: /home/vboxuser/Documents/Ros2Workspaces/ros2_ws_Tutorial2-1/install/turtlesim/include/turtlesim/srv/detail/teleport_relative__rosidl_typesupport_fastrtps_c.h
[124.589s] -- Symlinking: /home/vboxuser/Documents/Ros2Workspaces/ros2_ws_Tutorial2-1/install/turtlesim/lib/libturtlesim__rosidl_typesupport_fastrtps_c.so
[124.619s] -- Symlinking: /home/vboxuser/Documents/Ros2Workspaces/ros2_ws_Tutorial2-1/install/turtlesim/include/turtlesim/action/detail/rotate_absolute__rosidl_typesupport_fastrtps_cpp.hpp
[124.644s] -- Symlinking: /home/vboxuser/Documents/Ros2Workspaces/ros2_ws_Tutorial2-1/install/turtlesim/include/turtlesim/msg/detail/color__rosidl_typesupport_fastrtps_cpp.hpp
[124.681s] -- Symlinking: /home/vboxuser/Documents/Ros2Workspaces/ros2_ws_Tutorial2-1/install/turtlesim/include/turtlesim/msg/detail/pose__rosidl_typesupport_fastrtps_cpp.hpp
[124.711s] -- Symlinking: /home/vboxuser/Documents/Ros2Workspaces/ros2_ws_Tutorial2-1/install/turtlesim/include/turtlesim/msg/rosidl_typesupport_fastrtps_cpp__visibility_control.h
[124.750s] -- Symlinking: /home/vboxuser/Documents/Ros2Workspaces/ros2_ws_Tutorial2-1/install/turtlesim/include/turtlesim/srv/detail/kill__rosidl_typesupport_fastrtps_cpp.hpp
[124.779s] -- Symlinking: /home/vboxuser/Documents/Ros2Workspaces/ros2_ws_Tutorial2-1/install/turtlesim/include/turtlesim/srv/detail/set_pen__rosidl_typesupport_fastrtps_cpp.hpp
[124.800s] -- Symlinking: /home/vboxuser/Documents/Ros2Workspaces/ros2_ws_Tutorial2-1/install/turtlesim/include/turtlesim/srv/detail/spawn__rosidl_typesupport_fastrtps_cpp.hpp
[124.823s] -- Symlinking: /home/vboxuser/Documents/Ros2Workspaces/ros2_ws_Tutorial2-1/install/turtlesim/include/turtlesim/srv/detail/teleport_absolute__rosidl_typesupport_fastrtps_cpp.hpp
[124.848s] -- Symlinking: /home/vboxuser/Documents/Ros2Workspaces/ros2_ws_Tutorial2-1/install/turtlesim/include/turtlesim/srv/detail/teleport_relative__rosidl_typesupport_fastrtps_cpp.hpp
[124.880s] -- Symlinking: /home/vboxuser/Documents/Ros2Workspaces/ros2_ws_Tutorial2-1/install/turtlesim/lib/libturtlesim__rosidl_typesupport_fastrtps_cpp.so
[124.893s] -- Symlinking: /home/vboxuser/Documents/Ros2Workspaces/ros2_ws_Tutorial2-1/install/turtlesim/include/turtlesim/action/detail/rotate_absolute__rosidl_typesupport_introspection_c.h
[124.932s] -- Symlinking: /home/vboxuser/Documents/Ros2Workspaces/ros2_ws_Tutorial2-1/install/turtlesim/include/turtlesim/msg/detail/color__rosidl_typesupport_introspection_c.h
[124.984s] -- Symlinking: /home/vboxuser/Documents/Ros2Workspaces/ros2_ws_Tutorial2-1/install/turtlesim/include/turtlesim/msg/detail/pose__rosidl_typesupport_introspection_c.h
[125.009s] -- Symlinking: /home/vboxuser/Documents/Ros2Workspaces/ros2_ws_Tutorial2-1/install/turtlesim/include/turtlesim/msg/rosidl_typesupport_introspection_c__visibility_control.h
[125.048s] -- Symlinking: /home/vboxuser/Documents/Ros2Workspaces/ros2_ws_Tutorial2-1/install/turtlesim/include/turtlesim/srv/detail/kill__rosidl_typesupport_introspection_c.h
[125.086s] -- Symlinking: /home/vboxuser/Documents/Ros2Workspaces/ros2_ws_Tutorial2-1/install/turtlesim/include/turtlesim/srv/detail/set_pen__rosidl_typesupport_introspection_c.h
[125.108s] -- Symlinking: /home/vboxuser/Documents/Ros2Workspaces/ros2_ws_Tutorial2-1/install/turtlesim/include/turtlesim/srv/detail/spawn__rosidl_typesupport_introspection_c.h
[125.145s] -- Symlinking: /home/vboxuser/Documents/Ros2Workspaces/ros2_ws_Tutorial2-1/install/turtlesim/include/turtlesim/srv/detail/teleport_absolute__rosidl_typesupport_introspection_c.h
[125.164s] -- Symlinking: /home/vboxuser/Documents/Ros2Workspaces/ros2_ws_Tutorial2-1/install/turtlesim/include/turtlesim/srv/detail/teleport_relative__rosidl_typesupport_introspection_c.h
[125.209s] -- Symlinking: /home/vboxuser/Documents/Ros2Workspaces/ros2_ws_Tutorial2-1/install/turtlesim/include/turtlesim/action/detail/rotate_absolute__builder.hpp
[125.235s] -- Symlinking: /home/vboxuser/Documents/Ros2Workspaces/ros2_ws_Tutorial2-1/install/turtlesim/include/turtlesim/action/detail/rotate_absolute__struct.hpp
[125.299s] -- Symlinking: /home/vboxuser/Documents/Ros2Workspaces/ros2_ws_Tutorial2-1/install/turtlesim/include/turtlesim/action/detail/rotate_absolute__traits.hpp
[125.343s] -- Symlinking: /home/vboxuser/Documents/Ros2Workspaces/ros2_ws_Tutorial2-1/install/turtlesim/include/turtlesim/action/rotate_absolute.hpp
[125.365s] -- Symlinking: /home/vboxuser/Documents/Ros2Workspaces/ros2_ws_Tutorial2-1/install/turtlesim/include/turtlesim/msg/color.hpp
[125.399s] -- Symlinking: /home/vboxuser/Documents/Ros2Workspaces/ros2_ws_Tutorial2-1/install/turtlesim/include/turtlesim/msg/detail/color__builder.hpp
[125.428s] -- Symlinking: /home/vboxuser/Documents/Ros2Workspaces/ros2_ws_Tutorial2-1/install/turtlesim/include/turtlesim/msg/detail/color__struct.hpp
[125.483s] -- Symlinking: /home/vboxuser/Documents/Ros2Workspaces/ros2_ws_Tutorial2-1/install/turtlesim/include/turtlesim/msg/detail/color__traits.hpp
[125.514s] -- Symlinking: /home/vboxuser/Documents/Ros2Workspaces/ros2_ws_Tutorial2-1/install/turtlesim/include/turtlesim/msg/detail/pose__builder.hpp
[125.557s] -- Symlinking: /home/vboxuser/Documents/Ros2Workspaces/ros2_ws_Tutorial2-1/install/turtlesim/include/turtlesim/msg/detail/pose__struct.hpp
[125.597s] -- Symlinking: /home/vboxuser/Documents/Ros2Workspaces/ros2_ws_Tutorial2-1/install/turtlesim/include/turtlesim/msg/detail/pose__traits.hpp
[125.640s] -- Symlinking: /home/vboxuser/Documents/Ros2Workspaces/ros2_ws_Tutorial2-1/install/turtlesim/include/turtlesim/msg/pose.hpp
[125.677s] -- Symlinking: /home/vboxuser/Documents/Ros2Workspaces/ros2_ws_Tutorial2-1/install/turtlesim/include/turtlesim/srv/detail/kill__builder.hpp
[125.718s] -- Symlinking: /home/vboxuser/Documents/Ros2Workspaces/ros2_ws_Tutorial2-1/install/turtlesim/include/turtlesim/srv/detail/kill__struct.hpp
[125.743s] -- Symlinking: /home/vboxuser/Documents/Ros2Workspaces/ros2_ws_Tutorial2-1/install/turtlesim/include/turtlesim/srv/detail/kill__traits.hpp
[125.801s] -- Symlinking: /home/vboxuser/Documents/Ros2Workspaces/ros2_ws_Tutorial2-1/install/turtlesim/include/turtlesim/srv/detail/set_pen__builder.hpp
[125.829s] -- Symlinking: /home/vboxuser/Documents/Ros2Workspaces/ros2_ws_Tutorial2-1/install/turtlesim/include/turtlesim/srv/detail/set_pen__struct.hpp
[125.856s] -- Symlinking: /home/vboxuser/Documents/Ros2Workspaces/ros2_ws_Tutorial2-1/install/turtlesim/include/turtlesim/srv/detail/set_pen__traits.hpp
[125.873s] -- Symlinking: /home/vboxuser/Documents/Ros2Workspaces/ros2_ws_Tutorial2-1/install/turtlesim/include/turtlesim/srv/detail/spawn__builder.hpp
[125.892s] -- Symlinking: /home/vboxuser/Documents/Ros2Workspaces/ros2_ws_Tutorial2-1/install/turtlesim/include/turtlesim/srv/detail/spawn__struct.hpp
[125.911s] -- Symlinking: /home/vboxuser/Documents/Ros2Workspaces/ros2_ws_Tutorial2-1/install/turtlesim/include/turtlesim/srv/detail/spawn__traits.hpp
[125.933s] -- Symlinking: /home/vboxuser/Documents/Ros2Workspaces/ros2_ws_Tutorial2-1/install/turtlesim/include/turtlesim/srv/detail/teleport_absolute__builder.hpp
[125.956s] -- Symlinking: /home/vboxuser/Documents/Ros2Workspaces/ros2_ws_Tutorial2-1/install/turtlesim/include/turtlesim/srv/detail/teleport_absolute__struct.hpp
[125.980s] -- Symlinking: /home/vboxuser/Documents/Ros2Workspaces/ros2_ws_Tutorial2-1/install/turtlesim/include/turtlesim/srv/detail/teleport_absolute__traits.hpp
[126.011s] -- Symlinking: /home/vboxuser/Documents/Ros2Workspaces/ros2_ws_Tutorial2-1/install/turtlesim/include/turtlesim/srv/detail/teleport_relative__builder.hpp
[126.038s] -- Symlinking: /home/vboxuser/Documents/Ros2Workspaces/ros2_ws_Tutorial2-1/install/turtlesim/include/turtlesim/srv/detail/teleport_relative__struct.hpp
[126.057s] -- Symlinking: /home/vboxuser/Documents/Ros2Workspaces/ros2_ws_Tutorial2-1/install/turtlesim/include/turtlesim/srv/detail/teleport_relative__traits.hpp
[126.084s] -- Symlinking: /home/vboxuser/Documents/Ros2Workspaces/ros2_ws_Tutorial2-1/install/turtlesim/include/turtlesim/srv/kill.hpp
[126.105s] -- Symlinking: /home/vboxuser/Documents/Ros2Workspaces/ros2_ws_Tutorial2-1/install/turtlesim/include/turtlesim/srv/set_pen.hpp
[126.127s] -- Symlinking: /home/vboxuser/Documents/Ros2Workspaces/ros2_ws_Tutorial2-1/install/turtlesim/include/turtlesim/srv/spawn.hpp
[126.156s] -- Symlinking: /home/vboxuser/Documents/Ros2Workspaces/ros2_ws_Tutorial2-1/install/turtlesim/include/turtlesim/srv/teleport_absolute.hpp
[126.176s] -- Symlinking: /home/vboxuser/Documents/Ros2Workspaces/ros2_ws_Tutorial2-1/install/turtlesim/include/turtlesim/srv/teleport_relative.hpp
[126.197s] -- Symlinking: /home/vboxuser/Documents/Ros2Workspaces/ros2_ws_Tutorial2-1/install/turtlesim/include/turtlesim/action/detail/rotate_absolute__rosidl_typesupport_introspection_cpp.hpp
[126.216s] -- Symlinking: /home/vboxuser/Documents/Ros2Workspaces/ros2_ws_Tutorial2-1/install/turtlesim/include/turtlesim/msg/detail/color__rosidl_typesupport_introspection_cpp.hpp
[126.241s] -- Symlinking: /home/vboxuser/Documents/Ros2Workspaces/ros2_ws_Tutorial2-1/install/turtlesim/include/turtlesim/msg/detail/pose__rosidl_typesupport_introspection_cpp.hpp
[126.262s] -- Symlinking: /home/vboxuser/Documents/Ros2Workspaces/ros2_ws_Tutorial2-1/install/turtlesim/include/turtlesim/srv/detail/kill__rosidl_typesupport_introspection_cpp.hpp
[126.280s] -- Symlinking: /home/vboxuser/Documents/Ros2Workspaces/ros2_ws_Tutorial2-1/install/turtlesim/include/turtlesim/srv/detail/set_pen__rosidl_typesupport_introspection_cpp.hpp
[126.300s] -- Symlinking: /home/vboxuser/Documents/Ros2Workspaces/ros2_ws_Tutorial2-1/install/turtlesim/include/turtlesim/srv/detail/spawn__rosidl_typesupport_introspection_cpp.hpp
[126.323s] -- Symlinking: /home/vboxuser/Documents/Ros2Workspaces/ros2_ws_Tutorial2-1/install/turtlesim/include/turtlesim/srv/detail/teleport_absolute__rosidl_typesupport_introspection_cpp.hpp
[126.341s] -- Symlinking: /home/vboxuser/Documents/Ros2Workspaces/ros2_ws_Tutorial2-1/install/turtlesim/include/turtlesim/srv/detail/teleport_relative__rosidl_typesupport_introspection_cpp.hpp
[126.368s] -- Symlinking: /home/vboxuser/Documents/Ros2Workspaces/ros2_ws_Tutorial2-1/install/turtlesim/share/turtlesim/environment/pythonpath.sh
[126.394s] -- Symlinking: /home/vboxuser/Documents/Ros2Workspaces/ros2_ws_Tutorial2-1/install/turtlesim/share/turtlesim/environment/pythonpath.dsv
[126.420s] -- Symlinking: /home/vboxuser/Documents/Ros2Workspaces/ros2_ws_Tutorial2-1/install/turtlesim/lib/python3.8/site-packages/turtlesim/__init__.py
[126.437s] -- Symlinking: /home/vboxuser/Documents/Ros2Workspaces/ros2_ws_Tutorial2-1/install/turtlesim/lib/python3.8/site-packages/turtlesim/action/__init__.py
[126.469s] -- Symlinking: /home/vboxuser/Documents/Ros2Workspaces/ros2_ws_Tutorial2-1/install/turtlesim/lib/python3.8/site-packages/turtlesim/action/_rotate_absolute.py
[126.488s] -- Symlinking: /home/vboxuser/Documents/Ros2Workspaces/ros2_ws_Tutorial2-1/install/turtlesim/lib/python3.8/site-packages/turtlesim/msg/__init__.py
[126.509s] -- Symlinking: /home/vboxuser/Documents/Ros2Workspaces/ros2_ws_Tutorial2-1/install/turtlesim/lib/python3.8/site-packages/turtlesim/msg/_color.py
[126.527s] -- Symlinking: /home/vboxuser/Documents/Ros2Workspaces/ros2_ws_Tutorial2-1/install/turtlesim/lib/python3.8/site-packages/turtlesim/msg/_pose.py
[126.551s] -- Symlinking: /home/vboxuser/Documents/Ros2Workspaces/ros2_ws_Tutorial2-1/install/turtlesim/lib/python3.8/site-packages/turtlesim/srv/__init__.py
[126.570s] -- Symlinking: /home/vboxuser/Documents/Ros2Workspaces/ros2_ws_Tutorial2-1/install/turtlesim/lib/python3.8/site-packages/turtlesim/srv/_kill.py
[126.590s] -- Symlinking: /home/vboxuser/Documents/Ros2Workspaces/ros2_ws_Tutorial2-1/install/turtlesim/lib/python3.8/site-packages/turtlesim/srv/_set_pen.py
[126.607s] -- Symlinking: /home/vboxuser/Documents/Ros2Workspaces/ros2_ws_Tutorial2-1/install/turtlesim/lib/python3.8/site-packages/turtlesim/srv/_spawn.py
[126.625s] -- Symlinking: /home/vboxuser/Documents/Ros2Workspaces/ros2_ws_Tutorial2-1/install/turtlesim/lib/python3.8/site-packages/turtlesim/srv/_teleport_absolute.py
[126.648s] -- Symlinking: /home/vboxuser/Documents/Ros2Workspaces/ros2_ws_Tutorial2-1/install/turtlesim/lib/python3.8/site-packages/turtlesim/srv/_teleport_relative.py
[126.675s] -- Symlinking: /home/vboxuser/Documents/Ros2Workspaces/ros2_ws_Tutorial2-1/install/turtlesim/lib/python3.8/site-packages/turtlesim/turtlesim_s__rosidl_typesupport_fastrtps_c.cpython-38-x86_64-linux-gnu.so
[126.694s] -- Symlinking: /home/vboxuser/Documents/Ros2Workspaces/ros2_ws_Tutorial2-1/install/turtlesim/lib/python3.8/site-packages/turtlesim/turtlesim_s__rosidl_typesupport_introspection_c.cpython-38-x86_64-linux-gnu.so
[126.713s] -- Symlinking: /home/vboxuser/Documents/Ros2Workspaces/ros2_ws_Tutorial2-1/install/turtlesim/lib/python3.8/site-packages/turtlesim/turtlesim_s__rosidl_typesupport_c.cpython-38-x86_64-linux-gnu.so
[126.733s] -- Symlinking: /home/vboxuser/Documents/Ros2Workspaces/ros2_ws_Tutorial2-1/install/turtlesim/lib/libturtlesim__python.so
[126.762s] -- Symlinking: /home/vboxuser/Documents/Ros2Workspaces/ros2_ws_Tutorial2-1/install/turtlesim/share/turtlesim/action/RotateAbsolute.idl
[126.789s] -- Symlinking: /home/vboxuser/Documents/Ros2Workspaces/ros2_ws_Tutorial2-1/install/turtlesim/share/turtlesim/msg/Color.idl
[126.812s] -- Symlinking: /home/vboxuser/Documents/Ros2Workspaces/ros2_ws_Tutorial2-1/install/turtlesim/share/turtlesim/msg/Pose.idl
[126.850s] -- Symlinking: /home/vboxuser/Documents/Ros2Workspaces/ros2_ws_Tutorial2-1/install/turtlesim/share/turtlesim/srv/Kill.idl
[126.870s] -- Symlinking: /home/vboxuser/Documents/Ros2Workspaces/ros2_ws_Tutorial2-1/install/turtlesim/share/turtlesim/srv/SetPen.idl
[126.887s] -- Symlinking: /home/vboxuser/Documents/Ros2Workspaces/ros2_ws_Tutorial2-1/install/turtlesim/share/turtlesim/srv/Spawn.idl
[126.904s] -- Symlinking: /home/vboxuser/Documents/Ros2Workspaces/ros2_ws_Tutorial2-1/install/turtlesim/share/turtlesim/srv/TeleportAbsolute.idl
[126.921s] -- Symlinking: /home/vboxuser/Documents/Ros2Workspaces/ros2_ws_Tutorial2-1/install/turtlesim/share/turtlesim/srv/TeleportRelative.idl
[126.947s] -- Symlinking: /home/vboxuser/Documents/Ros2Workspaces/ros2_ws_Tutorial2-1/install/turtlesim/share/turtlesim/action/RotateAbsolute.action
[126.969s] -- Symlinking: /home/vboxuser/Documents/Ros2Workspaces/ros2_ws_Tutorial2-1/install/turtlesim/share/turtlesim/msg/Color.msg
[126.988s] -- Symlinking: /home/vboxuser/Documents/Ros2Workspaces/ros2_ws_Tutorial2-1/install/turtlesim/share/turtlesim/msg/Pose.msg
[127.005s] -- Symlinking: /home/vboxuser/Documents/Ros2Workspaces/ros2_ws_Tutorial2-1/install/turtlesim/share/turtlesim/srv/Kill.srv
[127.021s] -- Symlinking: /home/vboxuser/Documents/Ros2Workspaces/ros2_ws_Tutorial2-1/install/turtlesim/share/turtlesim/srv/Kill_Request.msg
[127.039s] -- Symlinking: /home/vboxuser/Documents/Ros2Workspaces/ros2_ws_Tutorial2-1/install/turtlesim/share/turtlesim/srv/Kill_Response.msg
[127.059s] -- Symlinking: /home/vboxuser/Documents/Ros2Workspaces/ros2_ws_Tutorial2-1/install/turtlesim/share/turtlesim/srv/SetPen.srv
[127.080s] -- Symlinking: /home/vboxuser/Documents/Ros2Workspaces/ros2_ws_Tutorial2-1/install/turtlesim/share/turtlesim/srv/SetPen_Request.msg
[127.098s] -- Symlinking: /home/vboxuser/Documents/Ros2Workspaces/ros2_ws_Tutorial2-1/install/turtlesim/share/turtlesim/srv/SetPen_Response.msg
[127.114s] -- Symlinking: /home/vboxuser/Documents/Ros2Workspaces/ros2_ws_Tutorial2-1/install/turtlesim/share/turtlesim/srv/Spawn.srv
[127.131s] -- Symlinking: /home/vboxuser/Documents/Ros2Workspaces/ros2_ws_Tutorial2-1/install/turtlesim/share/turtlesim/srv/Spawn_Request.msg
[127.147s] -- Symlinking: /home/vboxuser/Documents/Ros2Workspaces/ros2_ws_Tutorial2-1/install/turtlesim/share/turtlesim/srv/Spawn_Response.msg
[127.163s] -- Symlinking: /home/vboxuser/Documents/Ros2Workspaces/ros2_ws_Tutorial2-1/install/turtlesim/share/turtlesim/srv/TeleportAbsolute.srv
[127.184s] -- Symlinking: /home/vboxuser/Documents/Ros2Workspaces/ros2_ws_Tutorial2-1/install/turtlesim/share/turtlesim/srv/TeleportAbsolute_Request.msg
[127.201s] -- Symlinking: /home/vboxuser/Documents/Ros2Workspaces/ros2_ws_Tutorial2-1/install/turtlesim/share/turtlesim/srv/TeleportAbsolute_Response.msg
[127.219s] -- Symlinking: /home/vboxuser/Documents/Ros2Workspaces/ros2_ws_Tutorial2-1/install/turtlesim/share/turtlesim/srv/TeleportRelative.srv
[127.237s] -- Symlinking: /home/vboxuser/Documents/Ros2Workspaces/ros2_ws_Tutorial2-1/install/turtlesim/share/turtlesim/srv/TeleportRelative_Request.msg
[127.259s] -- Symlinking: /home/vboxuser/Documents/Ros2Workspaces/ros2_ws_Tutorial2-1/install/turtlesim/share/turtlesim/srv/TeleportRelative_Response.msg
[127.280s] -- Symlinking: /home/vboxuser/Documents/Ros2Workspaces/ros2_ws_Tutorial2-1/install/turtlesim/lib/turtlesim/turtlesim_node
[127.307s] -- Symlinking: /home/vboxuser/Documents/Ros2Workspaces/ros2_ws_Tutorial2-1/install/turtlesim/lib/turtlesim/turtle_teleop_key
[127.329s] -- Symlinking: /home/vboxuser/Documents/Ros2Workspaces/ros2_ws_Tutorial2-1/install/turtlesim/lib/turtlesim/draw_square
[127.346s] -- Symlinking: /home/vboxuser/Documents/Ros2Workspaces/ros2_ws_Tutorial2-1/install/turtlesim/lib/turtlesim/mimic
[127.367s] -- Symlinking: /home/vboxuser/Documents/Ros2Workspaces/ros2_ws_Tutorial2-1/install/turtlesim/share/turtlesim/launch/multisim.launch.py
[127.385s] -- Symlinking: /home/vboxuser/Documents/Ros2Workspaces/ros2_ws_Tutorial2-1/install/turtlesim/share/ament_index/resource_index/package_run_dependencies/turtlesim
[127.402s] -- Symlinking: /home/vboxuser/Documents/Ros2Workspaces/ros2_ws_Tutorial2-1/install/turtlesim/share/ament_index/resource_index/parent_prefix_path/turtlesim
[127.420s] -- Symlinking: /home/vboxuser/Documents/Ros2Workspaces/ros2_ws_Tutorial2-1/install/turtlesim/share/turtlesim/environment/ament_prefix_path.sh
[127.439s] -- Symlinking: /home/vboxuser/Documents/Ros2Workspaces/ros2_ws_Tutorial2-1/install/turtlesim/share/turtlesim/environment/ament_prefix_path.dsv
[127.462s] -- Symlinking: /home/vboxuser/Documents/Ros2Workspaces/ros2_ws_Tutorial2-1/install/turtlesim/share/turtlesim/environment/path.sh
[127.481s] -- Symlinking: /home/vboxuser/Documents/Ros2Workspaces/ros2_ws_Tutorial2-1/install/turtlesim/share/turtlesim/environment/path.dsv
[127.498s] -- Symlinking: /home/vboxuser/Documents/Ros2Workspaces/ros2_ws_Tutorial2-1/install/turtlesim/share/turtlesim/local_setup.bash
[127.517s] -- Symlinking: /home/vboxuser/Documents/Ros2Workspaces/ros2_ws_Tutorial2-1/install/turtlesim/share/turtlesim/local_setup.sh
[127.535s] -- Symlinking: /home/vboxuser/Documents/Ros2Workspaces/ros2_ws_Tutorial2-1/install/turtlesim/share/turtlesim/local_setup.zsh
[127.554s] -- Symlinking: /home/vboxuser/Documents/Ros2Workspaces/ros2_ws_Tutorial2-1/install/turtlesim/share/turtlesim/local_setup.dsv
[127.572s] -- Symlinking: /home/vboxuser/Documents/Ros2Workspaces/ros2_ws_Tutorial2-1/install/turtlesim/share/turtlesim/package.dsv
[127.590s] -- Symlinking: /home/vboxuser/Documents/Ros2Workspaces/ros2_ws_Tutorial2-1/install/turtlesim/share/ament_index/resource_index/packages/turtlesim
[127.615s] -- Symlinking: /home/vboxuser/Documents/Ros2Workspaces/ros2_ws_Tutorial2-1/install/turtlesim/share/turtlesim/cmake/rosidl_cmake-extras.cmake
[127.636s] -- Symlinking: /home/vboxuser/Documents/Ros2Workspaces/ros2_ws_Tutorial2-1/install/turtlesim/share/turtlesim/cmake/ament_cmake_export_dependencies-extras.cmake
[127.655s] -- Symlinking: /home/vboxuser/Documents/Ros2Workspaces/ros2_ws_Tutorial2-1/install/turtlesim/share/turtlesim/cmake/ament_cmake_export_libraries-extras.cmake
[127.682s] -- Symlinking: /home/vboxuser/Documents/Ros2Workspaces/ros2_ws_Tutorial2-1/install/turtlesim/share/turtlesim/cmake/ament_cmake_export_targets-extras.cmake
[127.705s] -- Symlinking: /home/vboxuser/Documents/Ros2Workspaces/ros2_ws_Tutorial2-1/install/turtlesim/share/turtlesim/cmake/ament_cmake_export_include_directories-extras.cmake
[127.728s] -- Symlinking: /home/vboxuser/Documents/Ros2Workspaces/ros2_ws_Tutorial2-1/install/turtlesim/share/turtlesim/cmake/rosidl_cmake_export_typesupport_libraries-extras.cmake
[127.746s] -- Symlinking: /home/vboxuser/Documents/Ros2Workspaces/ros2_ws_Tutorial2-1/install/turtlesim/share/turtlesim/cmake/rosidl_cmake_export_typesupport_targets-extras.cmake
[127.770s] -- Symlinking: /home/vboxuser/Documents/Ros2Workspaces/ros2_ws_Tutorial2-1/install/turtlesim/share/turtlesim/cmake/turtlesimConfig.cmake
[127.787s] -- Symlinking: /home/vboxuser/Documents/Ros2Workspaces/ros2_ws_Tutorial2-1/install/turtlesim/share/turtlesim/cmake/turtlesimConfig-version.cmake
[127.804s] -- Symlinking: /home/vboxuser/Documents/Ros2Workspaces/ros2_ws_Tutorial2-1/install/turtlesim/share/turtlesim/package.xml
[127.829s] -- Installing: /home/vboxuser/Documents/Ros2Workspaces/ros2_ws_Tutorial2-1/install/turtlesim/lib/libturtlesim__rosidl_generator_c.so
[127.830s] -- Set runtime path of "/home/vboxuser/Documents/Ros2Workspaces/ros2_ws_Tutorial2-1/install/turtlesim/lib/libturtlesim__rosidl_generator_c.so" to ""
[127.831s] -- Installing: /home/vboxuser/Documents/Ros2Workspaces/ros2_ws_Tutorial2-1/install/turtlesim/lib/libturtlesim__rosidl_typesupport_introspection_c.so
[127.831s] -- Set runtime path of "/home/vboxuser/Documents/Ros2Workspaces/ros2_ws_Tutorial2-1/install/turtlesim/lib/libturtlesim__rosidl_typesupport_introspection_c.so" to ""
[127.832s] -- Installing: /home/vboxuser/Documents/Ros2Workspaces/ros2_ws_Tutorial2-1/install/turtlesim/lib/libturtlesim__rosidl_typesupport_c.so
[127.832s] -- Set runtime path of "/home/vboxuser/Documents/Ros2Workspaces/ros2_ws_Tutorial2-1/install/turtlesim/lib/libturtlesim__rosidl_typesupport_c.so" to ""
[127.833s] -- Installing: /home/vboxuser/Documents/Ros2Workspaces/ros2_ws_Tutorial2-1/install/turtlesim/lib/libturtlesim__rosidl_typesupport_introspection_cpp.so
[127.833s] -- Set runtime path of "/home/vboxuser/Documents/Ros2Workspaces/ros2_ws_Tutorial2-1/install/turtlesim/lib/libturtlesim__rosidl_typesupport_introspection_cpp.so" to ""
[127.834s] -- Installing: /home/vboxuser/Documents/Ros2Workspaces/ros2_ws_Tutorial2-1/install/turtlesim/lib/libturtlesim__rosidl_typesupport_cpp.so
[127.835s] -- Set runtime path of "/home/vboxuser/Documents/Ros2Workspaces/ros2_ws_Tutorial2-1/install/turtlesim/lib/libturtlesim__rosidl_typesupport_cpp.so" to ""
[127.925s] Compiling '/home/vboxuser/Documents/Ros2Workspaces/ros2_ws_Tutorial2-1/install/turtlesim/lib/python3.8/site-packages/turtlesim/__init__.py'...
[127.943s] -- Installing: /home/vboxuser/Documents/Ros2Workspaces/ros2_ws_Tutorial2-1/install/turtlesim/share/turtlesim/images
[127.943s] -- Installing: /home/vboxuser/Documents/Ros2Workspaces/ros2_ws_Tutorial2-1/install/turtlesim/share/turtlesim/images/crystal.png
[127.944s] -- Installing: /home/vboxuser/Documents/Ros2Workspaces/ros2_ws_Tutorial2-1/install/turtlesim/share/turtlesim/images/ardent.png
[127.944s] -- Installing: /home/vboxuser/Documents/Ros2Workspaces/ros2_ws_Tutorial2-1/install/turtlesim/share/turtlesim/images/dashing.png
[127.946s] -- Installing: /home/vboxuser/Documents/Ros2Workspaces/ros2_ws_Tutorial2-1/install/turtlesim/share/turtlesim/images/bouncy.png
[127.946s] -- Installing: /home/vboxuser/Documents/Ros2Workspaces/ros2_ws_Tutorial2-1/install/turtlesim/share/turtlesim/images/foxy.png
[127.946s] -- Installing: /home/vboxuser/Documents/Ros2Workspaces/ros2_ws_Tutorial2-1/install/turtlesim/share/turtlesim/images/eloquent.png
[127.946s] -- Installing: /home/vboxuser/Documents/Ros2Workspaces/ros2_ws_Tutorial2-1/install/turtlesim/share/turtlesim/cmake/turtlesim__rosidl_generator_cExport.cmake
[127.946s] -- Installing: /home/vboxuser/Documents/Ros2Workspaces/ros2_ws_Tutorial2-1/install/turtlesim/share/turtlesim/cmake/turtlesim__rosidl_generator_cExport-noconfig.cmake
[127.947s] -- Installing: /home/vboxuser/Documents/Ros2Workspaces/ros2_ws_Tutorial2-1/install/turtlesim/share/turtlesim/cmake/turtlesim__rosidl_typesupport_introspection_cExport.cmake
[127.948s] -- Installing: /home/vboxuser/Documents/Ros2Workspaces/ros2_ws_Tutorial2-1/install/turtlesim/share/turtlesim/cmake/turtlesim__rosidl_typesupport_introspection_cExport-noconfig.cmake
[127.949s] -- Installing: /home/vboxuser/Documents/Ros2Workspaces/ros2_ws_Tutorial2-1/install/turtlesim/share/turtlesim/cmake/turtlesim__rosidl_typesupport_cExport.cmake
[127.950s] -- Installing: /home/vboxuser/Documents/Ros2Workspaces/ros2_ws_Tutorial2-1/install/turtlesim/share/turtlesim/cmake/turtlesim__rosidl_typesupport_cExport-noconfig.cmake
[127.951s] -- Installing: /home/vboxuser/Documents/Ros2Workspaces/ros2_ws_Tutorial2-1/install/turtlesim/share/turtlesim/cmake/turtlesim__rosidl_generator_cppExport.cmake
[127.952s] -- Installing: /home/vboxuser/Documents/Ros2Workspaces/ros2_ws_Tutorial2-1/install/turtlesim/share/turtlesim/cmake/turtlesim__rosidl_typesupport_introspection_cppExport.cmake
[127.953s] -- Installing: /home/vboxuser/Documents/Ros2Workspaces/ros2_ws_Tutorial2-1/install/turtlesim/share/turtlesim/cmake/turtlesim__rosidl_typesupport_introspection_cppExport-noconfig.cmake
[127.954s] -- Installing: /home/vboxuser/Documents/Ros2Workspaces/ros2_ws_Tutorial2-1/install/turtlesim/share/turtlesim/cmake/turtlesim__rosidl_typesupport_cppExport.cmake
[127.955s] -- Installing: /home/vboxuser/Documents/Ros2Workspaces/ros2_ws_Tutorial2-1/install/turtlesim/share/turtlesim/cmake/turtlesim__rosidl_typesupport_cppExport-noconfig.cmake
[127.964s] Invoked command in '/home/vboxuser/Documents/Ros2Workspaces/ros2_ws_Tutorial2-1/build/turtlesim' returned '0': CMAKE_PREFIX_PATH=/opt/ros/foxy /usr/bin/cmake --install /home/vboxuser/Documents/Ros2Workspaces/ros2_ws_Tutorial2-1/build/turtlesim
