[0.071s] Invoking command in '/home/vboxuser/Documents/Ros2Workspaces/ros2_ws_Tutorial2-1/build/turtlesim': CMAKE_PREFIX_PATH=/opt/ros/foxy /usr/bin/cmake --build /home/vboxuser/Documents/Ros2Workspaces/ros2_ws_Tutorial2-1/build/turtlesim -- -j4 -l4
[0.243s] [  5%] Built target turtlesim__cpp
[0.244s] [ 11%] Built target turtlesim__rosidl_generator_c
[0.343s] [ 21%] Built target turtlesim__rosidl_typesupport_fastrtps_cpp
[0.347s] [ 31%] Built target turtlesim__rosidl_typesupport_introspection_cpp
[0.365s] [ 41%] Built target turtlesim__rosidl_typesupport_cpp
[0.376s] [ 51%] Built target turtlesim__rosidl_typesupport_introspection_c
[0.446s] [ 61%] Built target turtlesim__rosidl_typesupport_c
[0.457s] [ 71%] Built target turtlesim__rosidl_typesupport_fastrtps_c
[0.516s] [ 71%] Built target turtlesim
[0.635s] [ 72%] Built target turtlesim__py
[0.647s] [ 74%] Built target mimic
[0.670s] [ 76%] Built target draw_square
[0.701s] [ 78%] Built target turtle_teleop_key
[0.800s] [ 87%] Built target turtlesim__python
[0.844s] [ 93%] Built target turtlesim_node
[0.942s] [ 95%] Built target turtlesim__rosidl_typesupport_introspection_c__pyext
[0.952s] [ 97%] Built target turtlesim__rosidl_typesupport_c__pyext
[0.981s] [100%] Built target turtlesim__rosidl_typesupport_fastrtps_c__pyext
[1.064s] Invoked command in '/home/vboxuser/Documents/Ros2Workspaces/ros2_ws_Tutorial2-1/build/turtlesim' returned '0': CMAKE_PREFIX_PATH=/opt/ros/foxy /usr/bin/cmake --build /home/vboxuser/Documents/Ros2Workspaces/ros2_ws_Tutorial2-1/build/turtlesim -- -j4 -l4
[1.657s] Invoking command in '/home/vboxuser/Documents/Ros2Workspaces/ros2_ws_Tutorial2-1/build/turtlesim': CMAKE_PREFIX_PATH=/opt/ros/foxy /usr/bin/cmake --install /home/vboxuser/Documents/Ros2Workspaces/ros2_ws_Tutorial2-1/build/turtlesim
[1.679s] -- Install configuration: ""
[1.681s] -- Execute custom install script
[1.683s] -- Up-to-date symlink: /home/vboxuser/Documents/Ros2Workspaces/ros2_ws_Tutorial2-1/install/turtlesim/share/ament_index/resource_index/rosidl_interfaces/turtlesim
[1.687s] -- Up-to-date symlink: /home/vboxuser/Documents/Ros2Workspaces/ros2_ws_Tutorial2-1/install/turtlesim/include/turtlesim/action/detail/rotate_absolute__functions.h
[1.688s] -- Up-to-date symlink: /home/vboxuser/Documents/Ros2Workspaces/ros2_ws_Tutorial2-1/install/turtlesim/include/turtlesim/action/detail/rotate_absolute__struct.h
[1.688s] -- Up-to-date symlink: /home/vboxuser/Documents/Ros2Workspaces/ros2_ws_Tutorial2-1/install/turtlesim/include/turtlesim/action/detail/rotate_absolute__type_support.h
[1.689s] -- Up-to-date symlink: /home/vboxuser/Documents/Ros2Workspaces/ros2_ws_Tutorial2-1/install/turtlesim/include/turtlesim/action/rotate_absolute.h
[1.689s] -- Up-to-date symlink: /home/vboxuser/Documents/Ros2Workspaces/ros2_ws_Tutorial2-1/install/turtlesim/include/turtlesim/msg/color.h
[1.690s] -- Up-to-date symlink: /home/vboxuser/Documents/Ros2Workspaces/ros2_ws_Tutorial2-1/install/turtlesim/include/turtlesim/msg/detail/color__functions.h
[1.691s] -- Up-to-date symlink: /home/vboxuser/Documents/Ros2Workspaces/ros2_ws_Tutorial2-1/install/turtlesim/include/turtlesim/msg/detail/color__struct.h
[1.691s] -- Up-to-date symlink: /home/vboxuser/Documents/Ros2Workspaces/ros2_ws_Tutorial2-1/install/turtlesim/include/turtlesim/msg/detail/color__type_support.h
[1.692s] -- Up-to-date symlink: /home/vboxuser/Documents/Ros2Workspaces/ros2_ws_Tutorial2-1/install/turtlesim/include/turtlesim/msg/detail/pose__functions.h
[1.693s] -- Up-to-date symlink: /home/vboxuser/Documents/Ros2Workspaces/ros2_ws_Tutorial2-1/install/turtlesim/include/turtlesim/msg/detail/pose__struct.h
[1.693s] -- Up-to-date symlink: /home/vboxuser/Documents/Ros2Workspaces/ros2_ws_Tutorial2-1/install/turtlesim/include/turtlesim/msg/detail/pose__type_support.h
[1.694s] -- Up-to-date symlink: /home/vboxuser/Documents/Ros2Workspaces/ros2_ws_Tutorial2-1/install/turtlesim/include/turtlesim/msg/pose.h
[1.695s] -- Up-to-date symlink: /home/vboxuser/Documents/Ros2Workspaces/ros2_ws_Tutorial2-1/install/turtlesim/include/turtlesim/msg/rosidl_generator_c__visibility_control.h
[1.695s] -- Up-to-date symlink: /home/vboxuser/Documents/Ros2Workspaces/ros2_ws_Tutorial2-1/install/turtlesim/include/turtlesim/srv/detail/kill__functions.h
[1.696s] -- Up-to-date symlink: /home/vboxuser/Documents/Ros2Workspaces/ros2_ws_Tutorial2-1/install/turtlesim/include/turtlesim/srv/detail/kill__struct.h
[1.698s] -- Up-to-date symlink: /home/vboxuser/Documents/Ros2Workspaces/ros2_ws_Tutorial2-1/install/turtlesim/include/turtlesim/srv/detail/kill__type_support.h
[1.699s] -- Up-to-date symlink: /home/vboxuser/Documents/Ros2Workspaces/ros2_ws_Tutorial2-1/install/turtlesim/include/turtlesim/srv/detail/set_pen__functions.h
[1.699s] -- Up-to-date symlink: /home/vboxuser/Documents/Ros2Workspaces/ros2_ws_Tutorial2-1/install/turtlesim/include/turtlesim/srv/detail/set_pen__struct.h
[1.700s] -- Up-to-date symlink: /home/vboxuser/Documents/Ros2Workspaces/ros2_ws_Tutorial2-1/install/turtlesim/include/turtlesim/srv/detail/set_pen__type_support.h
[1.701s] -- Up-to-date symlink: /home/vboxuser/Documents/Ros2Workspaces/ros2_ws_Tutorial2-1/install/turtlesim/include/turtlesim/srv/detail/spawn__functions.h
[1.702s] -- Up-to-date symlink: /home/vboxuser/Documents/Ros2Workspaces/ros2_ws_Tutorial2-1/install/turtlesim/include/turtlesim/srv/detail/spawn__struct.h
[1.703s] -- Up-to-date symlink: /home/vboxuser/Documents/Ros2Workspaces/ros2_ws_Tutorial2-1/install/turtlesim/include/turtlesim/srv/detail/spawn__type_support.h
[1.703s] -- Up-to-date symlink: /home/vboxuser/Documents/Ros2Workspaces/ros2_ws_Tutorial2-1/install/turtlesim/include/turtlesim/srv/detail/teleport_absolute__functions.h
[1.704s] -- Up-to-date symlink: /home/vboxuser/Documents/Ros2Workspaces/ros2_ws_Tutorial2-1/install/turtlesim/include/turtlesim/srv/detail/teleport_absolute__struct.h
[1.705s] -- Up-to-date symlink: /home/vboxuser/Documents/Ros2Workspaces/ros2_ws_Tutorial2-1/install/turtlesim/include/turtlesim/srv/detail/teleport_absolute__type_support.h
[1.706s] -- Up-to-date symlink: /home/vboxuser/Documents/Ros2Workspaces/ros2_ws_Tutorial2-1/install/turtlesim/include/turtlesim/srv/detail/teleport_relative__functions.h
[1.707s] -- Up-to-date symlink: /home/vboxuser/Documents/Ros2Workspaces/ros2_ws_Tutorial2-1/install/turtlesim/include/turtlesim/srv/detail/teleport_relative__struct.h
[1.707s] -- Up-to-date symlink: /home/vboxuser/Documents/Ros2Workspaces/ros2_ws_Tutorial2-1/install/turtlesim/include/turtlesim/srv/detail/teleport_relative__type_support.h
[1.708s] -- Up-to-date symlink: /home/vboxuser/Documents/Ros2Workspaces/ros2_ws_Tutorial2-1/install/turtlesim/include/turtlesim/srv/kill.h
[1.709s] -- Up-to-date symlink: /home/vboxuser/Documents/Ros2Workspaces/ros2_ws_Tutorial2-1/install/turtlesim/include/turtlesim/srv/set_pen.h
[1.710s] -- Up-to-date symlink: /home/vboxuser/Documents/Ros2Workspaces/ros2_ws_Tutorial2-1/install/turtlesim/include/turtlesim/srv/spawn.h
[1.710s] -- Up-to-date symlink: /home/vboxuser/Documents/Ros2Workspaces/ros2_ws_Tutorial2-1/install/turtlesim/include/turtlesim/srv/teleport_absolute.h
[1.711s] -- Up-to-date symlink: /home/vboxuser/Documents/Ros2Workspaces/ros2_ws_Tutorial2-1/install/turtlesim/include/turtlesim/srv/teleport_relative.h
[1.712s] -- Up-to-date symlink: /home/vboxuser/Documents/Ros2Workspaces/ros2_ws_Tutorial2-1/install/turtlesim/share/turtlesim/environment/library_path.sh
[1.713s] -- Up-to-date symlink: /home/vboxuser/Documents/Ros2Workspaces/ros2_ws_Tutorial2-1/install/turtlesim/share/turtlesim/environment/library_path.dsv
[1.716s] -- Up-to-date symlink: /home/vboxuser/Documents/Ros2Workspaces/ros2_ws_Tutorial2-1/install/turtlesim/include/turtlesim/action/detail/rotate_absolute__rosidl_typesupport_fastrtps_c.h
[1.717s] -- Up-to-date symlink: /home/vboxuser/Documents/Ros2Workspaces/ros2_ws_Tutorial2-1/install/turtlesim/include/turtlesim/msg/detail/color__rosidl_typesupport_fastrtps_c.h
[1.718s] -- Up-to-date symlink: /home/vboxuser/Documents/Ros2Workspaces/ros2_ws_Tutorial2-1/install/turtlesim/include/turtlesim/msg/detail/pose__rosidl_typesupport_fastrtps_c.h
[1.719s] -- Up-to-date symlink: /home/vboxuser/Documents/Ros2Workspaces/ros2_ws_Tutorial2-1/install/turtlesim/include/turtlesim/msg/rosidl_typesupport_fastrtps_c__visibility_control.h
[1.720s] -- Up-to-date symlink: /home/vboxuser/Documents/Ros2Workspaces/ros2_ws_Tutorial2-1/install/turtlesim/include/turtlesim/srv/detail/kill__rosidl_typesupport_fastrtps_c.h
[1.720s] -- Up-to-date symlink: /home/vboxuser/Documents/Ros2Workspaces/ros2_ws_Tutorial2-1/install/turtlesim/include/turtlesim/srv/detail/set_pen__rosidl_typesupport_fastrtps_c.h
[1.721s] -- Up-to-date symlink: /home/vboxuser/Documents/Ros2Workspaces/ros2_ws_Tutorial2-1/install/turtlesim/include/turtlesim/srv/detail/spawn__rosidl_typesupport_fastrtps_c.h
[1.721s] -- Up-to-date symlink: /home/vboxuser/Documents/Ros2Workspaces/ros2_ws_Tutorial2-1/install/turtlesim/include/turtlesim/srv/detail/teleport_absolute__rosidl_typesupport_fastrtps_c.h
[1.722s] -- Up-to-date symlink: /home/vboxuser/Documents/Ros2Workspaces/ros2_ws_Tutorial2-1/install/turtlesim/include/turtlesim/srv/detail/teleport_relative__rosidl_typesupport_fastrtps_c.h
[1.723s] -- Up-to-date symlink: /home/vboxuser/Documents/Ros2Workspaces/ros2_ws_Tutorial2-1/install/turtlesim/lib/libturtlesim__rosidl_typesupport_fastrtps_c.so
[1.726s] -- Up-to-date symlink: /home/vboxuser/Documents/Ros2Workspaces/ros2_ws_Tutorial2-1/install/turtlesim/include/turtlesim/action/detail/rotate_absolute__rosidl_typesupport_fastrtps_cpp.hpp
[1.726s] -- Up-to-date symlink: /home/vboxuser/Documents/Ros2Workspaces/ros2_ws_Tutorial2-1/install/turtlesim/include/turtlesim/msg/detail/color__rosidl_typesupport_fastrtps_cpp.hpp
[1.727s] -- Up-to-date symlink: /home/vboxuser/Documents/Ros2Workspaces/ros2_ws_Tutorial2-1/install/turtlesim/include/turtlesim/msg/detail/pose__rosidl_typesupport_fastrtps_cpp.hpp
[1.727s] -- Up-to-date symlink: /home/vboxuser/Documents/Ros2Workspaces/ros2_ws_Tutorial2-1/install/turtlesim/include/turtlesim/msg/rosidl_typesupport_fastrtps_cpp__visibility_control.h
[1.728s] -- Up-to-date symlink: /home/vboxuser/Documents/Ros2Workspaces/ros2_ws_Tutorial2-1/install/turtlesim/include/turtlesim/srv/detail/kill__rosidl_typesupport_fastrtps_cpp.hpp
[1.728s] -- Up-to-date symlink: /home/vboxuser/Documents/Ros2Workspaces/ros2_ws_Tutorial2-1/install/turtlesim/include/turtlesim/srv/detail/set_pen__rosidl_typesupport_fastrtps_cpp.hpp
[1.729s] -- Up-to-date symlink: /home/vboxuser/Documents/Ros2Workspaces/ros2_ws_Tutorial2-1/install/turtlesim/include/turtlesim/srv/detail/spawn__rosidl_typesupport_fastrtps_cpp.hpp
[1.730s] -- Up-to-date symlink: /home/vboxuser/Documents/Ros2Workspaces/ros2_ws_Tutorial2-1/install/turtlesim/include/turtlesim/srv/detail/teleport_absolute__rosidl_typesupport_fastrtps_cpp.hpp
[1.730s] -- Up-to-date symlink: /home/vboxuser/Documents/Ros2Workspaces/ros2_ws_Tutorial2-1/install/turtlesim/include/turtlesim/srv/detail/teleport_relative__rosidl_typesupport_fastrtps_cpp.hpp
[1.732s] -- Up-to-date symlink: /home/vboxuser/Documents/Ros2Workspaces/ros2_ws_Tutorial2-1/install/turtlesim/lib/libturtlesim__rosidl_typesupport_fastrtps_cpp.so
[1.734s] -- Up-to-date symlink: /home/vboxuser/Documents/Ros2Workspaces/ros2_ws_Tutorial2-1/install/turtlesim/include/turtlesim/action/detail/rotate_absolute__rosidl_typesupport_introspection_c.h
[1.735s] -- Up-to-date symlink: /home/vboxuser/Documents/Ros2Workspaces/ros2_ws_Tutorial2-1/install/turtlesim/include/turtlesim/msg/detail/color__rosidl_typesupport_introspection_c.h
[1.736s] -- Up-to-date symlink: /home/vboxuser/Documents/Ros2Workspaces/ros2_ws_Tutorial2-1/install/turtlesim/include/turtlesim/msg/detail/pose__rosidl_typesupport_introspection_c.h
[1.736s] -- Up-to-date symlink: /home/vboxuser/Documents/Ros2Workspaces/ros2_ws_Tutorial2-1/install/turtlesim/include/turtlesim/msg/rosidl_typesupport_introspection_c__visibility_control.h
[1.737s] -- Up-to-date symlink: /home/vboxuser/Documents/Ros2Workspaces/ros2_ws_Tutorial2-1/install/turtlesim/include/turtlesim/srv/detail/kill__rosidl_typesupport_introspection_c.h
[1.738s] -- Up-to-date symlink: /home/vboxuser/Documents/Ros2Workspaces/ros2_ws_Tutorial2-1/install/turtlesim/include/turtlesim/srv/detail/set_pen__rosidl_typesupport_introspection_c.h
[1.739s] -- Up-to-date symlink: /home/vboxuser/Documents/Ros2Workspaces/ros2_ws_Tutorial2-1/install/turtlesim/include/turtlesim/srv/detail/spawn__rosidl_typesupport_introspection_c.h
[1.739s] -- Up-to-date symlink: /home/vboxuser/Documents/Ros2Workspaces/ros2_ws_Tutorial2-1/install/turtlesim/include/turtlesim/srv/detail/teleport_absolute__rosidl_typesupport_introspection_c.h
[1.740s] -- Up-to-date symlink: /home/vboxuser/Documents/Ros2Workspaces/ros2_ws_Tutorial2-1/install/turtlesim/include/turtlesim/srv/detail/teleport_relative__rosidl_typesupport_introspection_c.h
[1.744s] -- Up-to-date symlink: /home/vboxuser/Documents/Ros2Workspaces/ros2_ws_Tutorial2-1/install/turtlesim/include/turtlesim/action/detail/rotate_absolute__builder.hpp
[1.744s] -- Up-to-date symlink: /home/vboxuser/Documents/Ros2Workspaces/ros2_ws_Tutorial2-1/install/turtlesim/include/turtlesim/action/detail/rotate_absolute__struct.hpp
[1.745s] -- Up-to-date symlink: /home/vboxuser/Documents/Ros2Workspaces/ros2_ws_Tutorial2-1/install/turtlesim/include/turtlesim/action/detail/rotate_absolute__traits.hpp
[1.745s] -- Up-to-date symlink: /home/vboxuser/Documents/Ros2Workspaces/ros2_ws_Tutorial2-1/install/turtlesim/include/turtlesim/action/rotate_absolute.hpp
[1.746s] -- Up-to-date symlink: /home/vboxuser/Documents/Ros2Workspaces/ros2_ws_Tutorial2-1/install/turtlesim/include/turtlesim/msg/color.hpp
[1.747s] -- Up-to-date symlink: /home/vboxuser/Documents/Ros2Workspaces/ros2_ws_Tutorial2-1/install/turtlesim/include/turtlesim/msg/detail/color__builder.hpp
[1.748s] -- Up-to-date symlink: /home/vboxuser/Documents/Ros2Workspaces/ros2_ws_Tutorial2-1/install/turtlesim/include/turtlesim/msg/detail/color__struct.hpp
[1.749s] -- Up-to-date symlink: /home/vboxuser/Documents/Ros2Workspaces/ros2_ws_Tutorial2-1/install/turtlesim/include/turtlesim/msg/detail/color__traits.hpp
[1.749s] -- Up-to-date symlink: /home/vboxuser/Documents/Ros2Workspaces/ros2_ws_Tutorial2-1/install/turtlesim/include/turtlesim/msg/detail/pose__builder.hpp
[1.750s] -- Up-to-date symlink: /home/vboxuser/Documents/Ros2Workspaces/ros2_ws_Tutorial2-1/install/turtlesim/include/turtlesim/msg/detail/pose__struct.hpp
[1.751s] -- Up-to-date symlink: /home/vboxuser/Documents/Ros2Workspaces/ros2_ws_Tutorial2-1/install/turtlesim/include/turtlesim/msg/detail/pose__traits.hpp
[1.751s] -- Up-to-date symlink: /home/vboxuser/Documents/Ros2Workspaces/ros2_ws_Tutorial2-1/install/turtlesim/include/turtlesim/msg/pose.hpp
[1.752s] -- Up-to-date symlink: /home/vboxuser/Documents/Ros2Workspaces/ros2_ws_Tutorial2-1/install/turtlesim/include/turtlesim/srv/detail/kill__builder.hpp
[1.753s] -- Up-to-date symlink: /home/vboxuser/Documents/Ros2Workspaces/ros2_ws_Tutorial2-1/install/turtlesim/include/turtlesim/srv/detail/kill__struct.hpp
[1.754s] -- Up-to-date symlink: /home/vboxuser/Documents/Ros2Workspaces/ros2_ws_Tutorial2-1/install/turtlesim/include/turtlesim/srv/detail/kill__traits.hpp
[1.754s] -- Up-to-date symlink: /home/vboxuser/Documents/Ros2Workspaces/ros2_ws_Tutorial2-1/install/turtlesim/include/turtlesim/srv/detail/set_pen__builder.hpp
[1.755s] -- Up-to-date symlink: /home/vboxuser/Documents/Ros2Workspaces/ros2_ws_Tutorial2-1/install/turtlesim/include/turtlesim/srv/detail/set_pen__struct.hpp
[1.756s] -- Up-to-date symlink: /home/vboxuser/Documents/Ros2Workspaces/ros2_ws_Tutorial2-1/install/turtlesim/include/turtlesim/srv/detail/set_pen__traits.hpp
[1.757s] -- Up-to-date symlink: /home/vboxuser/Documents/Ros2Workspaces/ros2_ws_Tutorial2-1/install/turtlesim/include/turtlesim/srv/detail/spawn__builder.hpp
[1.757s] -- Up-to-date symlink: /home/vboxuser/Documents/Ros2Workspaces/ros2_ws_Tutorial2-1/install/turtlesim/include/turtlesim/srv/detail/spawn__struct.hpp
[1.758s] -- Up-to-date symlink: /home/vboxuser/Documents/Ros2Workspaces/ros2_ws_Tutorial2-1/install/turtlesim/include/turtlesim/srv/detail/spawn__traits.hpp
[1.759s] -- Up-to-date symlink: /home/vboxuser/Documents/Ros2Workspaces/ros2_ws_Tutorial2-1/install/turtlesim/include/turtlesim/srv/detail/teleport_absolute__builder.hpp
[1.760s] -- Up-to-date symlink: /home/vboxuser/Documents/Ros2Workspaces/ros2_ws_Tutorial2-1/install/turtlesim/include/turtlesim/srv/detail/teleport_absolute__struct.hpp
[1.760s] -- Up-to-date symlink: /home/vboxuser/Documents/Ros2Workspaces/ros2_ws_Tutorial2-1/install/turtlesim/include/turtlesim/srv/detail/teleport_absolute__traits.hpp
[1.761s] -- Up-to-date symlink: /home/vboxuser/Documents/Ros2Workspaces/ros2_ws_Tutorial2-1/install/turtlesim/include/turtlesim/srv/detail/teleport_relative__builder.hpp
[1.762s] -- Up-to-date symlink: /home/vboxuser/Documents/Ros2Workspaces/ros2_ws_Tutorial2-1/install/turtlesim/include/turtlesim/srv/detail/teleport_relative__struct.hpp
[1.763s] -- Up-to-date symlink: /home/vboxuser/Documents/Ros2Workspaces/ros2_ws_Tutorial2-1/install/turtlesim/include/turtlesim/srv/detail/teleport_relative__traits.hpp
[1.764s] -- Up-to-date symlink: /home/vboxuser/Documents/Ros2Workspaces/ros2_ws_Tutorial2-1/install/turtlesim/include/turtlesim/srv/kill.hpp
[1.764s] -- Up-to-date symlink: /home/vboxuser/Documents/Ros2Workspaces/ros2_ws_Tutorial2-1/install/turtlesim/include/turtlesim/srv/set_pen.hpp
[1.765s] -- Up-to-date symlink: /home/vboxuser/Documents/Ros2Workspaces/ros2_ws_Tutorial2-1/install/turtlesim/include/turtlesim/srv/spawn.hpp
[1.766s] -- Up-to-date symlink: /home/vboxuser/Documents/Ros2Workspaces/ros2_ws_Tutorial2-1/install/turtlesim/include/turtlesim/srv/teleport_absolute.hpp
[1.767s] -- Up-to-date symlink: /home/vboxuser/Documents/Ros2Workspaces/ros2_ws_Tutorial2-1/install/turtlesim/include/turtlesim/srv/teleport_relative.hpp
[1.770s] -- Up-to-date symlink: /home/vboxuser/Documents/Ros2Workspaces/ros2_ws_Tutorial2-1/install/turtlesim/include/turtlesim/action/detail/rotate_absolute__rosidl_typesupport_introspection_cpp.hpp
[1.771s] -- Up-to-date symlink: /home/vboxuser/Documents/Ros2Workspaces/ros2_ws_Tutorial2-1/install/turtlesim/include/turtlesim/msg/detail/color__rosidl_typesupport_introspection_cpp.hpp
[1.772s] -- Up-to-date symlink: /home/vboxuser/Documents/Ros2Workspaces/ros2_ws_Tutorial2-1/install/turtlesim/include/turtlesim/msg/detail/pose__rosidl_typesupport_introspection_cpp.hpp
[1.772s] -- Up-to-date symlink: /home/vboxuser/Documents/Ros2Workspaces/ros2_ws_Tutorial2-1/install/turtlesim/include/turtlesim/srv/detail/kill__rosidl_typesupport_introspection_cpp.hpp
[1.773s] -- Up-to-date symlink: /home/vboxuser/Documents/Ros2Workspaces/ros2_ws_Tutorial2-1/install/turtlesim/include/turtlesim/srv/detail/set_pen__rosidl_typesupport_introspection_cpp.hpp
[1.774s] -- Up-to-date symlink: /home/vboxuser/Documents/Ros2Workspaces/ros2_ws_Tutorial2-1/install/turtlesim/include/turtlesim/srv/detail/spawn__rosidl_typesupport_introspection_cpp.hpp
[1.774s] -- Up-to-date symlink: /home/vboxuser/Documents/Ros2Workspaces/ros2_ws_Tutorial2-1/install/turtlesim/include/turtlesim/srv/detail/teleport_absolute__rosidl_typesupport_introspection_cpp.hpp
[1.775s] -- Up-to-date symlink: /home/vboxuser/Documents/Ros2Workspaces/ros2_ws_Tutorial2-1/install/turtlesim/include/turtlesim/srv/detail/teleport_relative__rosidl_typesupport_introspection_cpp.hpp
[1.776s] -- Up-to-date symlink: /home/vboxuser/Documents/Ros2Workspaces/ros2_ws_Tutorial2-1/install/turtlesim/share/turtlesim/environment/pythonpath.sh
[1.777s] -- Up-to-date symlink: /home/vboxuser/Documents/Ros2Workspaces/ros2_ws_Tutorial2-1/install/turtlesim/share/turtlesim/environment/pythonpath.dsv
[1.778s] -- Up-to-date symlink: /home/vboxuser/Documents/Ros2Workspaces/ros2_ws_Tutorial2-1/install/turtlesim/lib/python3.8/site-packages/turtlesim/__init__.py
[1.780s] -- Up-to-date symlink: /home/vboxuser/Documents/Ros2Workspaces/ros2_ws_Tutorial2-1/install/turtlesim/lib/python3.8/site-packages/turtlesim/action/__init__.py
[1.781s] -- Up-to-date symlink: /home/vboxuser/Documents/Ros2Workspaces/ros2_ws_Tutorial2-1/install/turtlesim/lib/python3.8/site-packages/turtlesim/action/_rotate_absolute.py
[1.783s] -- Up-to-date symlink: /home/vboxuser/Documents/Ros2Workspaces/ros2_ws_Tutorial2-1/install/turtlesim/lib/python3.8/site-packages/turtlesim/msg/__init__.py
[1.784s] -- Up-to-date symlink: /home/vboxuser/Documents/Ros2Workspaces/ros2_ws_Tutorial2-1/install/turtlesim/lib/python3.8/site-packages/turtlesim/msg/_color.py
[1.784s] -- Up-to-date symlink: /home/vboxuser/Documents/Ros2Workspaces/ros2_ws_Tutorial2-1/install/turtlesim/lib/python3.8/site-packages/turtlesim/msg/_pose.py
[1.788s] -- Up-to-date symlink: /home/vboxuser/Documents/Ros2Workspaces/ros2_ws_Tutorial2-1/install/turtlesim/lib/python3.8/site-packages/turtlesim/srv/__init__.py
[1.788s] -- Up-to-date symlink: /home/vboxuser/Documents/Ros2Workspaces/ros2_ws_Tutorial2-1/install/turtlesim/lib/python3.8/site-packages/turtlesim/srv/_kill.py
[1.789s] -- Up-to-date symlink: /home/vboxuser/Documents/Ros2Workspaces/ros2_ws_Tutorial2-1/install/turtlesim/lib/python3.8/site-packages/turtlesim/srv/_set_pen.py
[1.790s] -- Up-to-date symlink: /home/vboxuser/Documents/Ros2Workspaces/ros2_ws_Tutorial2-1/install/turtlesim/lib/python3.8/site-packages/turtlesim/srv/_spawn.py
[1.790s] -- Up-to-date symlink: /home/vboxuser/Documents/Ros2Workspaces/ros2_ws_Tutorial2-1/install/turtlesim/lib/python3.8/site-packages/turtlesim/srv/_teleport_absolute.py
[1.791s] -- Up-to-date symlink: /home/vboxuser/Documents/Ros2Workspaces/ros2_ws_Tutorial2-1/install/turtlesim/lib/python3.8/site-packages/turtlesim/srv/_teleport_relative.py
[1.793s] -- Up-to-date symlink: /home/vboxuser/Documents/Ros2Workspaces/ros2_ws_Tutorial2-1/install/turtlesim/lib/python3.8/site-packages/turtlesim/turtlesim_s__rosidl_typesupport_fastrtps_c.cpython-38-x86_64-linux-gnu.so
[1.794s] -- Up-to-date symlink: /home/vboxuser/Documents/Ros2Workspaces/ros2_ws_Tutorial2-1/install/turtlesim/lib/python3.8/site-packages/turtlesim/turtlesim_s__rosidl_typesupport_introspection_c.cpython-38-x86_64-linux-gnu.so
[1.796s] -- Up-to-date symlink: /home/vboxuser/Documents/Ros2Workspaces/ros2_ws_Tutorial2-1/install/turtlesim/lib/python3.8/site-packages/turtlesim/turtlesim_s__rosidl_typesupport_c.cpython-38-x86_64-linux-gnu.so
[1.798s] -- Up-to-date symlink: /home/vboxuser/Documents/Ros2Workspaces/ros2_ws_Tutorial2-1/install/turtlesim/lib/libturtlesim__python.so
[1.799s] -- Up-to-date symlink: /home/vboxuser/Documents/Ros2Workspaces/ros2_ws_Tutorial2-1/install/turtlesim/share/turtlesim/action/RotateAbsolute.idl
[1.800s] -- Up-to-date symlink: /home/vboxuser/Documents/Ros2Workspaces/ros2_ws_Tutorial2-1/install/turtlesim/share/turtlesim/msg/Color.idl
[1.801s] -- Up-to-date symlink: /home/vboxuser/Documents/Ros2Workspaces/ros2_ws_Tutorial2-1/install/turtlesim/share/turtlesim/msg/Pose.idl
[1.802s] -- Up-to-date symlink: /home/vboxuser/Documents/Ros2Workspaces/ros2_ws_Tutorial2-1/install/turtlesim/share/turtlesim/srv/Kill.idl
[1.803s] -- Up-to-date symlink: /home/vboxuser/Documents/Ros2Workspaces/ros2_ws_Tutorial2-1/install/turtlesim/share/turtlesim/srv/SetPen.idl
[1.804s] -- Up-to-date symlink: /home/vboxuser/Documents/Ros2Workspaces/ros2_ws_Tutorial2-1/install/turtlesim/share/turtlesim/srv/Spawn.idl
[1.804s] -- Up-to-date symlink: /home/vboxuser/Documents/Ros2Workspaces/ros2_ws_Tutorial2-1/install/turtlesim/share/turtlesim/srv/TeleportAbsolute.idl
[1.805s] -- Up-to-date symlink: /home/vboxuser/Documents/Ros2Workspaces/ros2_ws_Tutorial2-1/install/turtlesim/share/turtlesim/srv/TeleportRelative.idl
[1.806s] -- Up-to-date symlink: /home/vboxuser/Documents/Ros2Workspaces/ros2_ws_Tutorial2-1/install/turtlesim/share/turtlesim/action/RotateAbsolute.action
[1.807s] -- Up-to-date symlink: /home/vboxuser/Documents/Ros2Workspaces/ros2_ws_Tutorial2-1/install/turtlesim/share/turtlesim/msg/Color.msg
[1.808s] -- Up-to-date symlink: /home/vboxuser/Documents/Ros2Workspaces/ros2_ws_Tutorial2-1/install/turtlesim/share/turtlesim/msg/Pose.msg
[1.809s] -- Up-to-date symlink: /home/vboxuser/Documents/Ros2Workspaces/ros2_ws_Tutorial2-1/install/turtlesim/share/turtlesim/srv/Kill.srv
[1.811s] -- Up-to-date symlink: /home/vboxuser/Documents/Ros2Workspaces/ros2_ws_Tutorial2-1/install/turtlesim/share/turtlesim/srv/Kill_Request.msg
[1.812s] -- Up-to-date symlink: /home/vboxuser/Documents/Ros2Workspaces/ros2_ws_Tutorial2-1/install/turtlesim/share/turtlesim/srv/Kill_Response.msg
[1.813s] -- Up-to-date symlink: /home/vboxuser/Documents/Ros2Workspaces/ros2_ws_Tutorial2-1/install/turtlesim/share/turtlesim/srv/SetPen.srv
[1.813s] -- Up-to-date symlink: /home/vboxuser/Documents/Ros2Workspaces/ros2_ws_Tutorial2-1/install/turtlesim/share/turtlesim/srv/SetPen_Request.msg
[1.814s] -- Up-to-date symlink: /home/vboxuser/Documents/Ros2Workspaces/ros2_ws_Tutorial2-1/install/turtlesim/share/turtlesim/srv/SetPen_Response.msg
[1.815s] -- Up-to-date symlink: /home/vboxuser/Documents/Ros2Workspaces/ros2_ws_Tutorial2-1/install/turtlesim/share/turtlesim/srv/Spawn.srv
[1.816s] -- Up-to-date symlink: /home/vboxuser/Documents/Ros2Workspaces/ros2_ws_Tutorial2-1/install/turtlesim/share/turtlesim/srv/Spawn_Request.msg
[1.817s] -- Up-to-date symlink: /home/vboxuser/Documents/Ros2Workspaces/ros2_ws_Tutorial2-1/install/turtlesim/share/turtlesim/srv/Spawn_Response.msg
[1.819s] -- Up-to-date symlink: /home/vboxuser/Documents/Ros2Workspaces/ros2_ws_Tutorial2-1/install/turtlesim/share/turtlesim/srv/TeleportAbsolute.srv
[1.820s] -- Up-to-date symlink: /home/vboxuser/Documents/Ros2Workspaces/ros2_ws_Tutorial2-1/install/turtlesim/share/turtlesim/srv/TeleportAbsolute_Request.msg
[1.822s] -- Up-to-date symlink: /home/vboxuser/Documents/Ros2Workspaces/ros2_ws_Tutorial2-1/install/turtlesim/share/turtlesim/srv/TeleportAbsolute_Response.msg
[1.823s] -- Up-to-date symlink: /home/vboxuser/Documents/Ros2Workspaces/ros2_ws_Tutorial2-1/install/turtlesim/share/turtlesim/srv/TeleportRelative.srv
[1.824s] -- Up-to-date symlink: /home/vboxuser/Documents/Ros2Workspaces/ros2_ws_Tutorial2-1/install/turtlesim/share/turtlesim/srv/TeleportRelative_Request.msg
[1.825s] -- Up-to-date symlink: /home/vboxuser/Documents/Ros2Workspaces/ros2_ws_Tutorial2-1/install/turtlesim/share/turtlesim/srv/TeleportRelative_Response.msg
[1.827s] -- Up-to-date symlink: /home/vboxuser/Documents/Ros2Workspaces/ros2_ws_Tutorial2-1/install/turtlesim/lib/turtlesim/turtlesim_node
[1.829s] -- Up-to-date symlink: /home/vboxuser/Documents/Ros2Workspaces/ros2_ws_Tutorial2-1/install/turtlesim/lib/turtlesim/turtle_teleop_key
[1.830s] -- Up-to-date symlink: /home/vboxuser/Documents/Ros2Workspaces/ros2_ws_Tutorial2-1/install/turtlesim/lib/turtlesim/draw_square
[1.838s] -- Up-to-date symlink: /home/vboxuser/Documents/Ros2Workspaces/ros2_ws_Tutorial2-1/install/turtlesim/lib/turtlesim/mimic
[1.839s] -- Up-to-date symlink: /home/vboxuser/Documents/Ros2Workspaces/ros2_ws_Tutorial2-1/install/turtlesim/share/turtlesim/launch/multisim.launch.py
[1.839s] -- Up-to-date symlink: /home/vboxuser/Documents/Ros2Workspaces/ros2_ws_Tutorial2-1/install/turtlesim/share/ament_index/resource_index/package_run_dependencies/turtlesim
[1.839s] -- Up-to-date symlink: /home/vboxuser/Documents/Ros2Workspaces/ros2_ws_Tutorial2-1/install/turtlesim/share/ament_index/resource_index/parent_prefix_path/turtlesim
[1.840s] -- Up-to-date symlink: /home/vboxuser/Documents/Ros2Workspaces/ros2_ws_Tutorial2-1/install/turtlesim/share/turtlesim/environment/ament_prefix_path.sh
[1.840s] -- Up-to-date symlink: /home/vboxuser/Documents/Ros2Workspaces/ros2_ws_Tutorial2-1/install/turtlesim/share/turtlesim/environment/ament_prefix_path.dsv
[1.841s] -- Up-to-date symlink: /home/vboxuser/Documents/Ros2Workspaces/ros2_ws_Tutorial2-1/install/turtlesim/share/turtlesim/environment/path.sh
[1.841s] -- Up-to-date symlink: /home/vboxuser/Documents/Ros2Workspaces/ros2_ws_Tutorial2-1/install/turtlesim/share/turtlesim/environment/path.dsv
[1.842s] -- Up-to-date symlink: /home/vboxuser/Documents/Ros2Workspaces/ros2_ws_Tutorial2-1/install/turtlesim/share/turtlesim/local_setup.bash
[1.842s] -- Up-to-date symlink: /home/vboxuser/Documents/Ros2Workspaces/ros2_ws_Tutorial2-1/install/turtlesim/share/turtlesim/local_setup.sh
[1.842s] -- Up-to-date symlink: /home/vboxuser/Documents/Ros2Workspaces/ros2_ws_Tutorial2-1/install/turtlesim/share/turtlesim/local_setup.zsh
[1.843s] -- Up-to-date symlink: /home/vboxuser/Documents/Ros2Workspaces/ros2_ws_Tutorial2-1/install/turtlesim/share/turtlesim/local_setup.dsv
[1.844s] -- Symlinking: /home/vboxuser/Documents/Ros2Workspaces/ros2_ws_Tutorial2-1/install/turtlesim/share/turtlesim/package.dsv
[1.873s] -- Up-to-date symlink: /home/vboxuser/Documents/Ros2Workspaces/ros2_ws_Tutorial2-1/install/turtlesim/share/ament_index/resource_index/packages/turtlesim
[1.874s] -- Up-to-date symlink: /home/vboxuser/Documents/Ros2Workspaces/ros2_ws_Tutorial2-1/install/turtlesim/share/turtlesim/cmake/rosidl_cmake-extras.cmake
[1.875s] -- Up-to-date symlink: /home/vboxuser/Documents/Ros2Workspaces/ros2_ws_Tutorial2-1/install/turtlesim/share/turtlesim/cmake/ament_cmake_export_dependencies-extras.cmake
[1.876s] -- Up-to-date symlink: /home/vboxuser/Documents/Ros2Workspaces/ros2_ws_Tutorial2-1/install/turtlesim/share/turtlesim/cmake/ament_cmake_export_libraries-extras.cmake
[1.877s] -- Up-to-date symlink: /home/vboxuser/Documents/Ros2Workspaces/ros2_ws_Tutorial2-1/install/turtlesim/share/turtlesim/cmake/ament_cmake_export_targets-extras.cmake
[1.877s] -- Up-to-date symlink: /home/vboxuser/Documents/Ros2Workspaces/ros2_ws_Tutorial2-1/install/turtlesim/share/turtlesim/cmake/ament_cmake_export_include_directories-extras.cmake
[1.878s] -- Up-to-date symlink: /home/vboxuser/Documents/Ros2Workspaces/ros2_ws_Tutorial2-1/install/turtlesim/share/turtlesim/cmake/rosidl_cmake_export_typesupport_libraries-extras.cmake
[1.879s] -- Up-to-date symlink: /home/vboxuser/Documents/Ros2Workspaces/ros2_ws_Tutorial2-1/install/turtlesim/share/turtlesim/cmake/rosidl_cmake_export_typesupport_targets-extras.cmake
[1.880s] -- Up-to-date symlink: /home/vboxuser/Documents/Ros2Workspaces/ros2_ws_Tutorial2-1/install/turtlesim/share/turtlesim/cmake/turtlesimConfig.cmake
[1.881s] -- Up-to-date symlink: /home/vboxuser/Documents/Ros2Workspaces/ros2_ws_Tutorial2-1/install/turtlesim/share/turtlesim/cmake/turtlesimConfig-version.cmake
[1.882s] -- Up-to-date symlink: /home/vboxuser/Documents/Ros2Workspaces/ros2_ws_Tutorial2-1/install/turtlesim/share/turtlesim/package.xml
[1.883s] -- Up-to-date: /home/vboxuser/Documents/Ros2Workspaces/ros2_ws_Tutorial2-1/install/turtlesim/lib/libturtlesim__rosidl_generator_c.so
[1.884s] -- Up-to-date: /home/vboxuser/Documents/Ros2Workspaces/ros2_ws_Tutorial2-1/install/turtlesim/lib/libturtlesim__rosidl_typesupport_introspection_c.so
[1.885s] -- Up-to-date: /home/vboxuser/Documents/Ros2Workspaces/ros2_ws_Tutorial2-1/install/turtlesim/lib/libturtlesim__rosidl_typesupport_c.so
[1.888s] -- Up-to-date: /home/vboxuser/Documents/Ros2Workspaces/ros2_ws_Tutorial2-1/install/turtlesim/lib/libturtlesim__rosidl_typesupport_introspection_cpp.so
[1.891s] -- Up-to-date: /home/vboxuser/Documents/Ros2Workspaces/ros2_ws_Tutorial2-1/install/turtlesim/lib/libturtlesim__rosidl_typesupport_cpp.so
[2.016s] -- Up-to-date: /home/vboxuser/Documents/Ros2Workspaces/ros2_ws_Tutorial2-1/install/turtlesim/share/turtlesim/images
[2.016s] -- Up-to-date: /home/vboxuser/Documents/Ros2Workspaces/ros2_ws_Tutorial2-1/install/turtlesim/share/turtlesim/images/crystal.png
[2.017s] -- Up-to-date: /home/vboxuser/Documents/Ros2Workspaces/ros2_ws_Tutorial2-1/install/turtlesim/share/turtlesim/images/ardent.png
[2.019s] -- Up-to-date: /home/vboxuser/Documents/Ros2Workspaces/ros2_ws_Tutorial2-1/install/turtlesim/share/turtlesim/images/dashing.png
[2.020s] -- Up-to-date: /home/vboxuser/Documents/Ros2Workspaces/ros2_ws_Tutorial2-1/install/turtlesim/share/turtlesim/images/bouncy.png
[2.020s] -- Up-to-date: /home/vboxuser/Documents/Ros2Workspaces/ros2_ws_Tutorial2-1/install/turtlesim/share/turtlesim/images/foxy.png
[2.021s] -- Up-to-date: /home/vboxuser/Documents/Ros2Workspaces/ros2_ws_Tutorial2-1/install/turtlesim/share/turtlesim/images/eloquent.png
[2.021s] -- Up-to-date: /home/vboxuser/Documents/Ros2Workspaces/ros2_ws_Tutorial2-1/install/turtlesim/share/turtlesim/cmake/turtlesim__rosidl_generator_cExport.cmake
[2.021s] -- Up-to-date: /home/vboxuser/Documents/Ros2Workspaces/ros2_ws_Tutorial2-1/install/turtlesim/share/turtlesim/cmake/turtlesim__rosidl_generator_cExport-noconfig.cmake
[2.022s] -- Up-to-date: /home/vboxuser/Documents/Ros2Workspaces/ros2_ws_Tutorial2-1/install/turtlesim/share/turtlesim/cmake/turtlesim__rosidl_typesupport_introspection_cExport.cmake
[2.022s] -- Up-to-date: /home/vboxuser/Documents/Ros2Workspaces/ros2_ws_Tutorial2-1/install/turtlesim/share/turtlesim/cmake/turtlesim__rosidl_typesupport_introspection_cExport-noconfig.cmake
[2.022s] -- Up-to-date: /home/vboxuser/Documents/Ros2Workspaces/ros2_ws_Tutorial2-1/install/turtlesim/share/turtlesim/cmake/turtlesim__rosidl_typesupport_cExport.cmake
[2.023s] -- Up-to-date: /home/vboxuser/Documents/Ros2Workspaces/ros2_ws_Tutorial2-1/install/turtlesim/share/turtlesim/cmake/turtlesim__rosidl_typesupport_cExport-noconfig.cmake
[2.024s] -- Up-to-date: /home/vboxuser/Documents/Ros2Workspaces/ros2_ws_Tutorial2-1/install/turtlesim/share/turtlesim/cmake/turtlesim__rosidl_generator_cppExport.cmake
[2.024s] -- Up-to-date: /home/vboxuser/Documents/Ros2Workspaces/ros2_ws_Tutorial2-1/install/turtlesim/share/turtlesim/cmake/turtlesim__rosidl_typesupport_introspection_cppExport.cmake
[2.025s] -- Up-to-date: /home/vboxuser/Documents/Ros2Workspaces/ros2_ws_Tutorial2-1/install/turtlesim/share/turtlesim/cmake/turtlesim__rosidl_typesupport_introspection_cppExport-noconfig.cmake
[2.026s] -- Up-to-date: /home/vboxuser/Documents/Ros2Workspaces/ros2_ws_Tutorial2-1/install/turtlesim/share/turtlesim/cmake/turtlesim__rosidl_typesupport_cppExport.cmake
[2.026s] -- Up-to-date: /home/vboxuser/Documents/Ros2Workspaces/ros2_ws_Tutorial2-1/install/turtlesim/share/turtlesim/cmake/turtlesim__rosidl_typesupport_cppExport-noconfig.cmake
[2.038s] Invoked command in '/home/vboxuser/Documents/Ros2Workspaces/ros2_ws_Tutorial2-1/build/turtlesim' returned '0': CMAKE_PREFIX_PATH=/opt/ros/foxy /usr/bin/cmake --install /home/vboxuser/Documents/Ros2Workspaces/ros2_ws_Tutorial2-1/build/turtlesim
