[0.027s] Invoking command in '/home/vboxuser/Documents/Ros2Workspaces/ros2_ws_Tutorial2-1/build/turtlesim': /usr/bin/cmake /home/vboxuser/Documents/Ros2Workspaces/ros2_ws_Tutorial2-1/src/ros_tutorials/turtlesim -DAMENT_CMAKE_SYMLINK_INSTALL=1 -DCMAKE_INSTALL_PREFIX=/home/vboxuser/Documents/Ros2Workspaces/ros2_ws_Tutorial2-1/install/turtlesim
[0.084s] CMake Error at CMakeLists.txt:12 (find_package):
[0.085s]   By not providing "Findament_cmake.cmake" in CMAKE_MODULE_PATH this project
[0.085s]   has asked CMake to find a package configuration file provided by
[0.085s]   "ament_cmake", but CMake did not find one.
[0.085s] 
[0.085s]   Could not find a package configuration file provided by "ament_cmake" with
[0.086s]   any of the following names:
[0.086s] 
[0.086s]     ament_cmakeConfig.cmake
[0.086s]     ament_cmake-config.cmake
[0.086s] 
[0.087s]   Add the installation prefix of "ament_cmake" to CMAKE_PREFIX_PATH or set
[0.087s]   "ament_cmake_DIR" to a directory containing one of the above files.  If
[0.087s]   "ament_cmake" provides a separate development package or SDK, be sure it
[0.087s]   has been installed.
[0.088s] 
[0.088s] 
[0.089s] -- Configuring incomplete, errors occurred!
[0.089s] See also "/home/vboxuser/Documents/Ros2Workspaces/ros2_ws_Tutorial2-1/build/turtlesim/CMakeFiles/CMakeOutput.log".
[0.090s] Invoked command in '/home/vboxuser/Documents/Ros2Workspaces/ros2_ws_Tutorial2-1/build/turtlesim' returned '1': /usr/bin/cmake /home/vboxuser/Documents/Ros2Workspaces/ros2_ws_Tutorial2-1/src/ros_tutorials/turtlesim -DAMENT_CMAKE_SYMLINK_INSTALL=1 -DCMAKE_INSTALL_PREFIX=/home/vboxuser/Documents/Ros2Workspaces/ros2_ws_Tutorial2-1/install/turtlesim
